#
# A fatal error has been detected by the Java Runtime Environment:
#
#  EXCEPTION_ACCESS_VIOLATION (0xc0000005) at pc=0x00007ffd9332e7cf, pid=17004, tid=5920
#
# JRE version: Java(TM) SE Runtime Environment (14.0.2+12) (build 14.0.2+12-46)
# Java VM: Java HotSpot(TM) 64-Bit Server VM (14.0.2+12-46, mixed mode, sharing, tiered, compressed oops, g1 gc, windows-amd64)
# Problematic frame:
# V  [jvm.dll+0x20e7cf]
#
# No core dump will be written. Minidumps are not enabled by default on client versions of Windows
#
# If you would like to submit a bug report, please visit:
#   https://bugreport.java.com/bugreport/crash.jsp
#

---------------  S U M M A R Y ------------

Command Line: --module-path=C:\Program Files\Java\javaFX 15\lib --add-modules=javafx.controls,javafx.fxml -javaagent:C:\Program Files\JetBrains\IntelliJ IDEA Community Edition 2020.3.2\lib\idea_rt.jar=57666:C:\Program Files\JetBrains\IntelliJ IDEA Community Edition 2020.3.2\bin -Dfile.encoding=UTF-8 password_manager.PasswordManager

Host: Intel(R) Core(TM) i7-8750H CPU @ 2.20GHz, 12 cores, 15G,  Windows 10 , 64 bit Build 19041 (10.0.19041.928)
Time: Tue May 18 18:44:21 2021 Nepal Standard Time elapsed time: 1 seconds (0d 0h 0m 1s)

---------------  T H R E A D  ---------------

Current thread (0x0000022c7f643800):  JavaThread "C1 CompilerThread0" daemon [_thread_in_native, id=5920, stack(0x00000059b6d00000,0x00000059b6e00000)]


Current CompileTask:
C1:   1934 1771       3       jdk.internal.org.objectweb.asm.ClassWriter::toByteArray (1332 bytes)

Stack: [0x00000059b6d00000,0x00000059b6e00000],  sp=0x00000059b6dfeb90,  free space=1018k
Native frames: (J=compiled Java code, j=interpreted, Vv=VM code, C=native code)
V  [jvm.dll+0x20e7cf]
V  [jvm.dll+0x20e2e9]
V  [jvm.dll+0x12df1e]
V  [jvm.dll+0x12dea7]
V  [jvm.dll+0x134143]
V  [jvm.dll+0x140b7b]
V  [jvm.dll+0x134d90]
V  [jvm.dll+0x134877]
V  [jvm.dll+0x1346ae]
V  [jvm.dll+0x117939]
V  [jvm.dll+0x11741a]
V  [jvm.dll+0x1175ff]
V  [jvm.dll+0x116884]
V  [jvm.dll+0x1187d7]
V  [jvm.dll+0x1f4105]
V  [jvm.dll+0x1f22eb]
V  [jvm.dll+0x7070cd]
V  [jvm.dll+0x6ffeda]
V  [jvm.dll+0x5f78f6]
C  [ucrtbase.dll+0x21bb2]
C  [KERNEL32.DLL+0x17034]
C  [ntdll.dll+0x52651]


siginfo: EXCEPTION_ACCESS_VIOLATION (0xc0000005), reading address 0x0000000000000040


Register to memory mapping:

RIP=0x00007ffd9332e7cf jvm.dll
RAX=0x0 is NULL
RBX=0x0000022c21e8cee0 points into unknown readable memory: 0d 00 00 00 0d 00 00 00
RCX=0x0000022c71926080 points into unknown readable memory: 00 00 00 00 00 00 00 00
RDX=0x0000022c21f01e10 points into unknown readable memory: 30 1e f0 21 2c 02 00 00
RSP=0x00000059b6dfeb90 is pointing into the stack for thread: 0x0000022c7f643800
RBP=0x0000022c7f644010 points into unknown readable memory: b0 4f f0 21 2c 02 00 00
RSI=0x0000000000000058 is an unknown value
RDI=0x000000000000000b is an unknown value
R8 =0x000000000000008e is an unknown value
R9 =0x0000000000000001 is an unknown value
R10=0x0000000000000960 is an unknown value
R11=0x0000000000000001 is an unknown value
R12=0x00007ffd938b7a18 jvm.dll
R13=0x0000022c221500a0 points into unknown readable memory: 1d 00 00 00 40 00 00 00
R14=0x0000000000000075 is an unknown value
R15=0x0 is NULL


Registers:
RAX=0x0000000000000000, RBX=0x0000022c21e8cee0, RCX=0x0000022c71926080, RDX=0x0000022c21f01e10
RSP=0x00000059b6dfeb90, RBP=0x0000022c7f644010, RSI=0x0000000000000058, RDI=0x000000000000000b
R8 =0x000000000000008e, R9 =0x0000000000000001, R10=0x0000000000000960, R11=0x0000000000000001
R12=0x00007ffd938b7a18, R13=0x0000022c221500a0, R14=0x0000000000000075, R15=0x0000000000000000
RIP=0x00007ffd9332e7cf, EFLAGS=0x0000000000010293

Top of Stack: (sp=0x00000059b6dfeb90)
0x00000059b6dfeb90:   0000000000000000 0000022c21e8cee0
0x00000059b6dfeba0:   0000022c21e8cee0 00000108ffffffff
0x00000059b6dfebb0:   0000022c7f644010 00007ffd9332e2e9
0x00000059b6dfebc0:   0000022c7f644010 0000000000000001
0x00000059b6dfebd0:   00000000000003eb 0000022c21e8cf70
0x00000059b6dfebe0:   ffffffffffffffff 00007ffd9324df1e
0x00000059b6dfebf0:   0000022c0004ad00 00007ffd938b7a18
0x00000059b6dfec00:   0000000000000000 000000000000000a
0x00000059b6dfec10:   0000022c21a82630 00007ffd93322698
0x00000059b6dfec20:   0000000000000004 0000022c7f644010
0x00000059b6dfec30:   ffffffffffffffff 00000110ffffffff
0x00000059b6dfec40:   0000000000000010 00007ffd9332e189
0x00000059b6dfec50:   00000059b6dfeef0 00007ffd9332e1d7
0x00000059b6dfec60:   0000000000000000 00000059b6dfeef0
0x00000059b6dfec70:   0000022c221500a0 00007ffd938b7a18
0x00000059b6dfec80:   00000000000003eb 00007ffd9324dea7 

Instructions: (pc=0x00007ffd9332e7cf)
0x00007ffd9332e6cf:   30 48 89 5c 24 30 e8 26 f7 ff ff 48 3b c3 74 08
0x00007ffd9332e6df:   48 89 5f 28 8b 00 eb 02 33 c0 48 8b 5c 24 38 48
0x00007ffd9332e6ef:   8b 6c 24 40 48 8b 74 24 48 48 83 c4 20 5f c3 cc
0x00007ffd9332e6ff:   cc 40 53 48 83 ec 20 8b 51 44 48 8b d9 85 d2 7f
0x00007ffd9332e70f:   27 4c 8d 0d a9 70 61 00 ba bc 00 00 00 4c 8d 05
0x00007ffd9332e71f:   c5 70 61 00 48 8d 0d e6 70 61 00 e8 81 ea ff ff
0x00007ffd9332e72f:   e8 bc 9e 3e 00 8b 53 44 48 8b 43 38 48 63 ca 48
0x00007ffd9332e73f:   03 c9 81 7c c8 f0 ff ff ff 7f 74 10 ba ff ff ff
0x00007ffd9332e74f:   7f 48 8b cb e8 b8 f9 ff ff 8b 53 44 c1 e2 04 8b
0x00007ffd9332e75f:   c2 48 83 c4 20 5b c3 cc cc cc cc cc cc cc cc cc
0x00007ffd9332e76f:   cc 48 89 5c 24 20 55 48 83 ec 20 48 8b da 48 8b
0x00007ffd9332e77f:   e9 48 85 d2 0f 84 8c 00 00 00 8b 12 85 d2 0f 84
0x00007ffd9332e78f:   82 00 00 00 48 8b 49 10 48 89 7c 24 38 4c 89 74
0x00007ffd9332e79f:   24 40 44 8b 71 08 e8 26 01 fb ff 33 ff 39 3b 7e
0x00007ffd9332e7af:   31 48 89 74 24 30 8b f7 66 0f 1f 84 00 00 00 00
0x00007ffd9332e7bf:   00 48 8b 43 18 48 8b 55 10 48 8b 0c 06 48 8b 01
0x00007ffd9332e7cf:   ff 50 40 ff c7 48 8d 76 08 3b 3b 7c e4 48 8b 74
0x00007ffd9332e7df:   24 30 41 8b d6 48 8b cd e8 44 fe ff ff 48 8b 7c
0x00007ffd9332e7ef:   24 38 8b c8 85 c0 74 0b 48 8b 45 10 44 89 70 08
0x00007ffd9332e7ff:   44 8b f1 41 8b c6 4c 8b 74 24 40 48 8b 5c 24 48
0x00007ffd9332e80f:   48 83 c4 20 5d c3 48 8b 5c 24 48 33 c0 48 83 c4
0x00007ffd9332e81f:   20 5d c3 cc cc cc cc cc cc cc cc cc cc cc cc cc
0x00007ffd9332e82f:   cc 0f b6 44 24 30 88 44 24 28 e9 62 58 4b 00 cc
0x00007ffd9332e83f:   cc e9 0b 5a 4b 00 cc cc cc cc cc cc cc cc cc cc
0x00007ffd9332e84f:   cc 40 53 48 83 ec 20 48 8b d9 e8 82 ee 55 00 48
0x00007ffd9332e85f:   8b cb 48 83 c4 20 5b e9 15 5d 4b 00 cc cc cc cc
0x00007ffd9332e86f:   cc 48 89 4c 24 08 48 89 54 24 10 4c 89 44 24 18
0x00007ffd9332e87f:   4c 89 4c 24 20 48 83 ec 28 4c 8b c1 4c 8d 4c 24
0x00007ffd9332e88f:   38 48 8d 0d 79 0e 81 00 ba 01 00 00 00 e8 5f cd
0x00007ffd9332e89f:   2e 00 48 83 c4 28 c3 cc cc cc cc cc cc cc cc cc
0x00007ffd9332e8af:   cc 48 89 4c 24 08 48 89 54 24 10 4c 89 44 24 18
0x00007ffd9332e8bf:   4c 89 4c 24 20 48 83 ec 28 4c 8b c1 4c 8d 4c 24 


Stack slot to memory mapping:
stack at sp + 0 slots: 0x0 is NULL
stack at sp + 1 slots: 0x0000022c21e8cee0 points into unknown readable memory: 0d 00 00 00 0d 00 00 00
stack at sp + 2 slots: 0x0000022c21e8cee0 points into unknown readable memory: 0d 00 00 00 0d 00 00 00
stack at sp + 3 slots: 0x00000108ffffffff is an unknown value
stack at sp + 4 slots: 0x0000022c7f644010 points into unknown readable memory: b0 4f f0 21 2c 02 00 00
stack at sp + 5 slots: 0x00007ffd9332e2e9 jvm.dll
stack at sp + 6 slots: 0x0000022c7f644010 points into unknown readable memory: b0 4f f0 21 2c 02 00 00
stack at sp + 7 slots: 0x0000000000000001 is an unknown value


---------------  P R O C E S S  ---------------

Threads class SMR info:
_java_thread_list=0x0000022c224aef90, length=20, elements={
0x0000022c73afc800, 0x0000022c7f616000, 0x0000022c7f618800, 0x0000022c7f635800,
0x0000022c7f639000, 0x0000022c7f63b800, 0x0000022c7f63d000, 0x0000022c7f643800,
0x0000022c7f65e800, 0x0000022c7f773800, 0x0000022c19728800, 0x0000022c192c7000,
0x0000022c19933800, 0x0000022c19b72000, 0x0000022c19b78800, 0x0000022c1a2e3800,
0x0000022c1a334000, 0x0000022c19441800, 0x0000022c19726800, 0x0000022c21f5b800
}

Java Threads: ( => current thread )
  0x0000022c73afc800 JavaThread "main" [_thread_blocked, id=5800, stack(0x00000059b6000000,0x00000059b6100000)]
  0x0000022c7f616000 JavaThread "Reference Handler" daemon [_thread_blocked, id=15492, stack(0x00000059b6700000,0x00000059b6800000)]
  0x0000022c7f618800 JavaThread "Finalizer" daemon [_thread_blocked, id=9016, stack(0x00000059b6800000,0x00000059b6900000)]
  0x0000022c7f635800 JavaThread "Signal Dispatcher" daemon [_thread_blocked, id=13484, stack(0x00000059b6900000,0x00000059b6a00000)]
  0x0000022c7f639000 JavaThread "Attach Listener" daemon [_thread_blocked, id=16576, stack(0x00000059b6a00000,0x00000059b6b00000)]
  0x0000022c7f63b800 JavaThread "Service Thread" daemon [_thread_blocked, id=17724, stack(0x00000059b6b00000,0x00000059b6c00000)]
  0x0000022c7f63d000 JavaThread "C2 CompilerThread0" daemon [_thread_blocked, id=11104, stack(0x00000059b6c00000,0x00000059b6d00000)]
=>0x0000022c7f643800 JavaThread "C1 CompilerThread0" daemon [_thread_in_native, id=5920, stack(0x00000059b6d00000,0x00000059b6e00000)]
  0x0000022c7f65e800 JavaThread "Sweeper thread" daemon [_thread_blocked, id=9460, stack(0x00000059b6e00000,0x00000059b6f00000)]
  0x0000022c7f773800 JavaThread "Common-Cleaner" daemon [_thread_blocked, id=17484, stack(0x00000059b6f00000,0x00000059b7000000)]
  0x0000022c19728800 JavaThread "Monitor Ctrl-Break" daemon [_thread_in_native, id=3628, stack(0x00000059b7200000,0x00000059b7300000)]
  0x0000022c192c7000 JavaThread "Notification Thread" daemon [_thread_blocked, id=12564, stack(0x00000059b7300000,0x00000059b7400000)]
  0x0000022c19933800 JavaThread "QuantumRenderer-0" daemon [_thread_blocked, id=2240, stack(0x00000059b7500000,0x00000059b7600000)]
  0x0000022c19b72000 JavaThread "InvokeLaterDispatcher" daemon [_thread_blocked, id=14844, stack(0x00000059b7600000,0x00000059b7700000)]
  0x0000022c19b78800 JavaThread "JavaFX Application Thread" [_thread_in_Java, id=16760, stack(0x00000059b7100000,0x00000059b7200000)]
  0x0000022c1a2e3800 JavaThread "JavaFX-Launcher" [_thread_blocked, id=11716, stack(0x00000059b7a00000,0x00000059b7b00000)]
  0x0000022c1a334000 JavaThread "Thread-2" daemon [_thread_in_native, id=10160, stack(0x00000059b7000000,0x00000059b7100000)]
  0x0000022c19441800 JavaThread "C2 CompilerThread1" daemon [_thread_blocked, id=580, stack(0x00000059b8000000,0x00000059b8100000)]
  0x0000022c19726800 JavaThread "C2 CompilerThread2" daemon [_thread_blocked, id=17472, stack(0x00000059b8100000,0x00000059b8200000)]
  0x0000022c21f5b800 JavaThread "Prism Font Disposer" daemon [_thread_blocked, id=3264, stack(0x00000059b8500000,0x00000059b8600000)]

Other Threads:
  0x0000022c7ed8b800 VMThread "VM Thread" [stack: 0x00000059b6600000,0x00000059b6700000] [id=12084]
  0x0000022c197d1000 WatcherThread [stack: 0x00000059b7400000,0x00000059b7500000] [id=14784]
  0x0000022c73b63800 GCTaskThread "GC Thread#0" [stack: 0x00000059b6100000,0x00000059b6200000] [id=17404]
  0x0000022c199dc000 GCTaskThread "GC Thread#1" [stack: 0x00000059b7b00000,0x00000059b7c00000] [id=17696]
  0x0000022c19864000 GCTaskThread "GC Thread#2" [stack: 0x00000059b7c00000,0x00000059b7d00000] [id=7104]
  0x0000022c1a213800 GCTaskThread "GC Thread#3" [stack: 0x00000059b7d00000,0x00000059b7e00000] [id=13900]
  0x0000022c197c8000 GCTaskThread "GC Thread#4" [stack: 0x00000059b7e00000,0x00000059b7f00000] [id=17344]
  0x0000022c19833000 GCTaskThread "GC Thread#5" [stack: 0x00000059b7f00000,0x00000059b8000000] [id=18296]
  0x0000022c73b85000 ConcurrentGCThread "G1 Main Marker" [stack: 0x00000059b6200000,0x00000059b6300000] [id=2040]
  0x0000022c73b86800 ConcurrentGCThread "G1 Conc#0" [stack: 0x00000059b6300000,0x00000059b6400000] [id=7676]
  0x0000022c7ec79000 ConcurrentGCThread "G1 Refine#0" [stack: 0x00000059b6400000,0x00000059b6500000] [id=14620]
  0x0000022c224a4000 ConcurrentGCThread "G1 Refine#1" [stack: 0x00000059b8600000,0x00000059b8700000] [id=3468]
  0x0000022c224a5800 ConcurrentGCThread "G1 Refine#2" [stack: 0x00000059b8700000,0x00000059b8800000] [id=2520]
  0x0000022c224a3000 ConcurrentGCThread "G1 Refine#3" [stack: 0x00000059b8800000,0x00000059b8900000] [id=10224]
  0x0000022c7ec7a000 ConcurrentGCThread "G1 Young RemSet Sampling" [stack: 0x00000059b6500000,0x00000059b6600000] [id=12960]

Threads with active compile tasks:
C1 CompilerThread0     2374 1771       3       jdk.internal.org.objectweb.asm.ClassWriter::toByteArray (1332 bytes)

VM state:not at safepoint (normal execution)

VM Mutex/Monitor currently owned by a thread: None

Heap address: 0x0000000702600000, size: 4058 MB, Compressed Oops mode: Zero based, Oop shift amount: 3
Narrow klass base: 0x0000000800000000, Narrow klass shift: 3
Compressed class space size: 1073741824 Address: 0x0000000800b30000

Heap:
 garbage-first heap   total 260096K, used 18346K [0x0000000702600000, 0x0000000800000000)
  region size 1024K, 14 young (14336K), 5 survivors (5120K)
 Metaspace       used 16164K, capacity 16974K, committed 17280K, reserved 1062912K
  class space    used 2524K, capacity 2843K, committed 2944K, reserved 1048576K
Heap Regions: E=young(eden), S=young(survivor), O=old, HS=humongous(starts), HC=humongous(continues), CS=collection set, F=free, OA=open archive, CA=closed archive, TAMS=top-at-mark-start (previous, next)
|   0|0x0000000702600000, 0x0000000702700000, 0x0000000702700000|100%| O|  |TAMS 0x0000000702600000, 0x0000000702600000| Untracked 
|   1|0x0000000702700000, 0x0000000702800000, 0x0000000702800000|100%| O|  |TAMS 0x0000000702700000, 0x0000000702700000| Untracked 
|   2|0x0000000702800000, 0x0000000702900000, 0x0000000702900000|100%|HS|  |TAMS 0x0000000702800000, 0x0000000702800000| Complete 
|   3|0x0000000702900000, 0x0000000702a00000, 0x0000000702a00000|100%|HC|  |TAMS 0x0000000702900000, 0x0000000702900000| Complete 
|   4|0x0000000702a00000, 0x0000000702aeaa00, 0x0000000702b00000| 91%| O|  |TAMS 0x0000000702a00000, 0x0000000702a00000| Untracked 
|   5|0x0000000702b00000, 0x0000000702b00000, 0x0000000702c00000|  0%| F|  |TAMS 0x0000000702b00000, 0x0000000702b00000| Untracked 
|   6|0x0000000702c00000, 0x0000000702c00000, 0x0000000702d00000|  0%| F|  |TAMS 0x0000000702c00000, 0x0000000702c00000| Untracked 
|   7|0x0000000702d00000, 0x0000000702d00000, 0x0000000702e00000|  0%| F|  |TAMS 0x0000000702d00000, 0x0000000702d00000| Untracked 
|   8|0x0000000702e00000, 0x0000000702e00000, 0x0000000702f00000|  0%| F|  |TAMS 0x0000000702e00000, 0x0000000702e00000| Untracked 
|   9|0x0000000702f00000, 0x0000000702f00000, 0x0000000703000000|  0%| F|  |TAMS 0x0000000702f00000, 0x0000000702f00000| Untracked 
|  10|0x0000000703000000, 0x0000000703000000, 0x0000000703100000|  0%| F|  |TAMS 0x0000000703000000, 0x0000000703000000| Untracked 
|  11|0x0000000703100000, 0x0000000703100000, 0x0000000703200000|  0%| F|  |TAMS 0x0000000703100000, 0x0000000703100000| Untracked 
|  12|0x0000000703200000, 0x0000000703200000, 0x0000000703300000|  0%| F|  |TAMS 0x0000000703200000, 0x0000000703200000| Untracked 
|  13|0x0000000703300000, 0x0000000703300000, 0x0000000703400000|  0%| F|  |TAMS 0x0000000703300000, 0x0000000703300000| Untracked 
|  14|0x0000000703400000, 0x0000000703400000, 0x0000000703500000|  0%| F|  |TAMS 0x0000000703400000, 0x0000000703400000| Untracked 
|  15|0x0000000703500000, 0x0000000703500000, 0x0000000703600000|  0%| F|  |TAMS 0x0000000703500000, 0x0000000703500000| Untracked 
|  16|0x0000000703600000, 0x0000000703600000, 0x0000000703700000|  0%| F|  |TAMS 0x0000000703600000, 0x0000000703600000| Untracked 
|  17|0x0000000703700000, 0x0000000703700000, 0x0000000703800000|  0%| F|  |TAMS 0x0000000703700000, 0x0000000703700000| Untracked 
|  18|0x0000000703800000, 0x0000000703800000, 0x0000000703900000|  0%| F|  |TAMS 0x0000000703800000, 0x0000000703800000| Untracked 
|  19|0x0000000703900000, 0x0000000703900000, 0x0000000703a00000|  0%| F|  |TAMS 0x0000000703900000, 0x0000000703900000| Untracked 
|  20|0x0000000703a00000, 0x0000000703a00000, 0x0000000703b00000|  0%| F|  |TAMS 0x0000000703a00000, 0x0000000703a00000| Untracked 
|  21|0x0000000703b00000, 0x0000000703b00000, 0x0000000703c00000|  0%| F|  |TAMS 0x0000000703b00000, 0x0000000703b00000| Untracked 
|  22|0x0000000703c00000, 0x0000000703c00000, 0x0000000703d00000|  0%| F|  |TAMS 0x0000000703c00000, 0x0000000703c00000| Untracked 
|  23|0x0000000703d00000, 0x0000000703d00000, 0x0000000703e00000|  0%| F|  |TAMS 0x0000000703d00000, 0x0000000703d00000| Untracked 
|  24|0x0000000703e00000, 0x0000000703e00000, 0x0000000703f00000|  0%| F|  |TAMS 0x0000000703e00000, 0x0000000703e00000| Untracked 
|  25|0x0000000703f00000, 0x0000000703f00000, 0x0000000704000000|  0%| F|  |TAMS 0x0000000703f00000, 0x0000000703f00000| Untracked 
|  26|0x0000000704000000, 0x0000000704000000, 0x0000000704100000|  0%| F|  |TAMS 0x0000000704000000, 0x0000000704000000| Untracked 
|  27|0x0000000704100000, 0x0000000704100000, 0x0000000704200000|  0%| F|  |TAMS 0x0000000704100000, 0x0000000704100000| Untracked 
|  28|0x0000000704200000, 0x0000000704200000, 0x0000000704300000|  0%| F|  |TAMS 0x0000000704200000, 0x0000000704200000| Untracked 
|  29|0x0000000704300000, 0x0000000704300000, 0x0000000704400000|  0%| F|  |TAMS 0x0000000704300000, 0x0000000704300000| Untracked 
|  30|0x0000000704400000, 0x0000000704400000, 0x0000000704500000|  0%| F|  |TAMS 0x0000000704400000, 0x0000000704400000| Untracked 
|  31|0x0000000704500000, 0x0000000704500000, 0x0000000704600000|  0%| F|  |TAMS 0x0000000704500000, 0x0000000704500000| Untracked 
|  32|0x0000000704600000, 0x0000000704600000, 0x0000000704700000|  0%| F|  |TAMS 0x0000000704600000, 0x0000000704600000| Untracked 
|  33|0x0000000704700000, 0x0000000704700000, 0x0000000704800000|  0%| F|  |TAMS 0x0000000704700000, 0x0000000704700000| Untracked 
|  34|0x0000000704800000, 0x0000000704800000, 0x0000000704900000|  0%| F|  |TAMS 0x0000000704800000, 0x0000000704800000| Untracked 
|  35|0x0000000704900000, 0x0000000704900000, 0x0000000704a00000|  0%| F|  |TAMS 0x0000000704900000, 0x0000000704900000| Untracked 
|  36|0x0000000704a00000, 0x0000000704a00000, 0x0000000704b00000|  0%| F|  |TAMS 0x0000000704a00000, 0x0000000704a00000| Untracked 
|  37|0x0000000704b00000, 0x0000000704b00000, 0x0000000704c00000|  0%| F|  |TAMS 0x0000000704b00000, 0x0000000704b00000| Untracked 
|  38|0x0000000704c00000, 0x0000000704c00000, 0x0000000704d00000|  0%| F|  |TAMS 0x0000000704c00000, 0x0000000704c00000| Untracked 
|  39|0x0000000704d00000, 0x0000000704d00000, 0x0000000704e00000|  0%| F|  |TAMS 0x0000000704d00000, 0x0000000704d00000| Untracked 
|  40|0x0000000704e00000, 0x0000000704e00000, 0x0000000704f00000|  0%| F|  |TAMS 0x0000000704e00000, 0x0000000704e00000| Untracked 
|  41|0x0000000704f00000, 0x0000000704f00000, 0x0000000705000000|  0%| F|  |TAMS 0x0000000704f00000, 0x0000000704f00000| Untracked 
|  42|0x0000000705000000, 0x0000000705000000, 0x0000000705100000|  0%| F|  |TAMS 0x0000000705000000, 0x0000000705000000| Untracked 
|  43|0x0000000705100000, 0x0000000705100000, 0x0000000705200000|  0%| F|  |TAMS 0x0000000705100000, 0x0000000705100000| Untracked 
|  44|0x0000000705200000, 0x0000000705200000, 0x0000000705300000|  0%| F|  |TAMS 0x0000000705200000, 0x0000000705200000| Untracked 
|  45|0x0000000705300000, 0x0000000705300000, 0x0000000705400000|  0%| F|  |TAMS 0x0000000705300000, 0x0000000705300000| Untracked 
|  46|0x0000000705400000, 0x0000000705400000, 0x0000000705500000|  0%| F|  |TAMS 0x0000000705400000, 0x0000000705400000| Untracked 
|  47|0x0000000705500000, 0x0000000705500000, 0x0000000705600000|  0%| F|  |TAMS 0x0000000705500000, 0x0000000705500000| Untracked 
|  48|0x0000000705600000, 0x0000000705600000, 0x0000000705700000|  0%| F|  |TAMS 0x0000000705600000, 0x0000000705600000| Untracked 
|  49|0x0000000705700000, 0x0000000705700000, 0x0000000705800000|  0%| F|  |TAMS 0x0000000705700000, 0x0000000705700000| Untracked 
|  50|0x0000000705800000, 0x0000000705800000, 0x0000000705900000|  0%| F|  |TAMS 0x0000000705800000, 0x0000000705800000| Untracked 
|  51|0x0000000705900000, 0x0000000705900000, 0x0000000705a00000|  0%| F|  |TAMS 0x0000000705900000, 0x0000000705900000| Untracked 
|  52|0x0000000705a00000, 0x0000000705a00000, 0x0000000705b00000|  0%| F|  |TAMS 0x0000000705a00000, 0x0000000705a00000| Untracked 
|  53|0x0000000705b00000, 0x0000000705b00000, 0x0000000705c00000|  0%| F|  |TAMS 0x0000000705b00000, 0x0000000705b00000| Untracked 
|  54|0x0000000705c00000, 0x0000000705c00000, 0x0000000705d00000|  0%| F|  |TAMS 0x0000000705c00000, 0x0000000705c00000| Untracked 
|  55|0x0000000705d00000, 0x0000000705d00000, 0x0000000705e00000|  0%| F|  |TAMS 0x0000000705d00000, 0x0000000705d00000| Untracked 
|  56|0x0000000705e00000, 0x0000000705e00000, 0x0000000705f00000|  0%| F|  |TAMS 0x0000000705e00000, 0x0000000705e00000| Untracked 
|  57|0x0000000705f00000, 0x0000000705f00000, 0x0000000706000000|  0%| F|  |TAMS 0x0000000705f00000, 0x0000000705f00000| Untracked 
|  58|0x0000000706000000, 0x0000000706000000, 0x0000000706100000|  0%| F|  |TAMS 0x0000000706000000, 0x0000000706000000| Untracked 
|  59|0x0000000706100000, 0x0000000706100000, 0x0000000706200000|  0%| F|  |TAMS 0x0000000706100000, 0x0000000706100000| Untracked 
|  60|0x0000000706200000, 0x0000000706200000, 0x0000000706300000|  0%| F|  |TAMS 0x0000000706200000, 0x0000000706200000| Untracked 
|  61|0x0000000706300000, 0x0000000706300000, 0x0000000706400000|  0%| F|  |TAMS 0x0000000706300000, 0x0000000706300000| Untracked 
|  62|0x0000000706400000, 0x0000000706400000, 0x0000000706500000|  0%| F|  |TAMS 0x0000000706400000, 0x0000000706400000| Untracked 
|  63|0x0000000706500000, 0x0000000706500000, 0x0000000706600000|  0%| F|  |TAMS 0x0000000706500000, 0x0000000706500000| Untracked 
|  64|0x0000000706600000, 0x0000000706600000, 0x0000000706700000|  0%| F|  |TAMS 0x0000000706600000, 0x0000000706600000| Untracked 
|  65|0x0000000706700000, 0x0000000706700000, 0x0000000706800000|  0%| F|  |TAMS 0x0000000706700000, 0x0000000706700000| Untracked 
|  66|0x0000000706800000, 0x0000000706800000, 0x0000000706900000|  0%| F|  |TAMS 0x0000000706800000, 0x0000000706800000| Untracked 
|  67|0x0000000706900000, 0x0000000706900000, 0x0000000706a00000|  0%| F|  |TAMS 0x0000000706900000, 0x0000000706900000| Untracked 
|  68|0x0000000706a00000, 0x0000000706a00000, 0x0000000706b00000|  0%| F|  |TAMS 0x0000000706a00000, 0x0000000706a00000| Untracked 
|  69|0x0000000706b00000, 0x0000000706b00000, 0x0000000706c00000|  0%| F|  |TAMS 0x0000000706b00000, 0x0000000706b00000| Untracked 
|  70|0x0000000706c00000, 0x0000000706c00000, 0x0000000706d00000|  0%| F|  |TAMS 0x0000000706c00000, 0x0000000706c00000| Untracked 
|  71|0x0000000706d00000, 0x0000000706d00000, 0x0000000706e00000|  0%| F|  |TAMS 0x0000000706d00000, 0x0000000706d00000| Untracked 
|  72|0x0000000706e00000, 0x0000000706e00000, 0x0000000706f00000|  0%| F|  |TAMS 0x0000000706e00000, 0x0000000706e00000| Untracked 
|  73|0x0000000706f00000, 0x0000000706f00000, 0x0000000707000000|  0%| F|  |TAMS 0x0000000706f00000, 0x0000000706f00000| Untracked 
|  74|0x0000000707000000, 0x0000000707000000, 0x0000000707100000|  0%| F|  |TAMS 0x0000000707000000, 0x0000000707000000| Untracked 
|  75|0x0000000707100000, 0x0000000707100000, 0x0000000707200000|  0%| F|  |TAMS 0x0000000707100000, 0x0000000707100000| Untracked 
|  76|0x0000000707200000, 0x0000000707200000, 0x0000000707300000|  0%| F|  |TAMS 0x0000000707200000, 0x0000000707200000| Untracked 
|  77|0x0000000707300000, 0x0000000707300000, 0x0000000707400000|  0%| F|  |TAMS 0x0000000707300000, 0x0000000707300000| Untracked 
|  78|0x0000000707400000, 0x0000000707400000, 0x0000000707500000|  0%| F|  |TAMS 0x0000000707400000, 0x0000000707400000| Untracked 
|  79|0x0000000707500000, 0x0000000707500000, 0x0000000707600000|  0%| F|  |TAMS 0x0000000707500000, 0x0000000707500000| Untracked 
|  80|0x0000000707600000, 0x0000000707600000, 0x0000000707700000|  0%| F|  |TAMS 0x0000000707600000, 0x0000000707600000| Untracked 
|  81|0x0000000707700000, 0x0000000707700000, 0x0000000707800000|  0%| F|  |TAMS 0x0000000707700000, 0x0000000707700000| Untracked 
|  82|0x0000000707800000, 0x0000000707800000, 0x0000000707900000|  0%| F|  |TAMS 0x0000000707800000, 0x0000000707800000| Untracked 
|  83|0x0000000707900000, 0x0000000707900000, 0x0000000707a00000|  0%| F|  |TAMS 0x0000000707900000, 0x0000000707900000| Untracked 
|  84|0x0000000707a00000, 0x0000000707a00000, 0x0000000707b00000|  0%| F|  |TAMS 0x0000000707a00000, 0x0000000707a00000| Untracked 
|  85|0x0000000707b00000, 0x0000000707b00000, 0x0000000707c00000|  0%| F|  |TAMS 0x0000000707b00000, 0x0000000707b00000| Untracked 
|  86|0x0000000707c00000, 0x0000000707c00000, 0x0000000707d00000|  0%| F|  |TAMS 0x0000000707c00000, 0x0000000707c00000| Untracked 
|  87|0x0000000707d00000, 0x0000000707d00000, 0x0000000707e00000|  0%| F|  |TAMS 0x0000000707d00000, 0x0000000707d00000| Untracked 
|  88|0x0000000707e00000, 0x0000000707e00000, 0x0000000707f00000|  0%| F|  |TAMS 0x0000000707e00000, 0x0000000707e00000| Untracked 
|  89|0x0000000707f00000, 0x0000000707f00000, 0x0000000708000000|  0%| F|  |TAMS 0x0000000707f00000, 0x0000000707f00000| Untracked 
|  90|0x0000000708000000, 0x0000000708000000, 0x0000000708100000|  0%| F|  |TAMS 0x0000000708000000, 0x0000000708000000| Untracked 
|  91|0x0000000708100000, 0x0000000708100000, 0x0000000708200000|  0%| F|  |TAMS 0x0000000708100000, 0x0000000708100000| Untracked 
|  92|0x0000000708200000, 0x0000000708200000, 0x0000000708300000|  0%| F|  |TAMS 0x0000000708200000, 0x0000000708200000| Untracked 
|  93|0x0000000708300000, 0x0000000708300000, 0x0000000708400000|  0%| F|  |TAMS 0x0000000708300000, 0x0000000708300000| Untracked 
|  94|0x0000000708400000, 0x0000000708400000, 0x0000000708500000|  0%| F|  |TAMS 0x0000000708400000, 0x0000000708400000| Untracked 
|  95|0x0000000708500000, 0x0000000708500000, 0x0000000708600000|  0%| F|  |TAMS 0x0000000708500000, 0x0000000708500000| Untracked 
|  96|0x0000000708600000, 0x0000000708600000, 0x0000000708700000|  0%| F|  |TAMS 0x0000000708600000, 0x0000000708600000| Untracked 
|  97|0x0000000708700000, 0x0000000708700000, 0x0000000708800000|  0%| F|  |TAMS 0x0000000708700000, 0x0000000708700000| Untracked 
|  98|0x0000000708800000, 0x0000000708800000, 0x0000000708900000|  0%| F|  |TAMS 0x0000000708800000, 0x0000000708800000| Untracked 
|  99|0x0000000708900000, 0x0000000708900000, 0x0000000708a00000|  0%| F|  |TAMS 0x0000000708900000, 0x0000000708900000| Untracked 
| 100|0x0000000708a00000, 0x0000000708a00000, 0x0000000708b00000|  0%| F|  |TAMS 0x0000000708a00000, 0x0000000708a00000| Untracked 
| 101|0x0000000708b00000, 0x0000000708b00000, 0x0000000708c00000|  0%| F|  |TAMS 0x0000000708b00000, 0x0000000708b00000| Untracked 
| 102|0x0000000708c00000, 0x0000000708c00000, 0x0000000708d00000|  0%| F|  |TAMS 0x0000000708c00000, 0x0000000708c00000| Untracked 
| 103|0x0000000708d00000, 0x0000000708d00000, 0x0000000708e00000|  0%| F|  |TAMS 0x0000000708d00000, 0x0000000708d00000| Untracked 
| 104|0x0000000708e00000, 0x0000000708e00000, 0x0000000708f00000|  0%| F|  |TAMS 0x0000000708e00000, 0x0000000708e00000| Untracked 
| 105|0x0000000708f00000, 0x0000000708f00000, 0x0000000709000000|  0%| F|  |TAMS 0x0000000708f00000, 0x0000000708f00000| Untracked 
| 106|0x0000000709000000, 0x0000000709000000, 0x0000000709100000|  0%| F|  |TAMS 0x0000000709000000, 0x0000000709000000| Untracked 
| 107|0x0000000709100000, 0x0000000709100000, 0x0000000709200000|  0%| F|  |TAMS 0x0000000709100000, 0x0000000709100000| Untracked 
| 108|0x0000000709200000, 0x0000000709200000, 0x0000000709300000|  0%| F|  |TAMS 0x0000000709200000, 0x0000000709200000| Untracked 
| 109|0x0000000709300000, 0x0000000709300000, 0x0000000709400000|  0%| F|  |TAMS 0x0000000709300000, 0x0000000709300000| Untracked 
| 110|0x0000000709400000, 0x0000000709400000, 0x0000000709500000|  0%| F|  |TAMS 0x0000000709400000, 0x0000000709400000| Untracked 
| 111|0x0000000709500000, 0x0000000709500000, 0x0000000709600000|  0%| F|  |TAMS 0x0000000709500000, 0x0000000709500000| Untracked 
| 112|0x0000000709600000, 0x0000000709600000, 0x0000000709700000|  0%| F|  |TAMS 0x0000000709600000, 0x0000000709600000| Untracked 
| 113|0x0000000709700000, 0x0000000709700000, 0x0000000709800000|  0%| F|  |TAMS 0x0000000709700000, 0x0000000709700000| Untracked 
| 114|0x0000000709800000, 0x0000000709800000, 0x0000000709900000|  0%| F|  |TAMS 0x0000000709800000, 0x0000000709800000| Untracked 
| 115|0x0000000709900000, 0x0000000709900000, 0x0000000709a00000|  0%| F|  |TAMS 0x0000000709900000, 0x0000000709900000| Untracked 
| 116|0x0000000709a00000, 0x0000000709a00000, 0x0000000709b00000|  0%| F|  |TAMS 0x0000000709a00000, 0x0000000709a00000| Untracked 
| 117|0x0000000709b00000, 0x0000000709b00000, 0x0000000709c00000|  0%| F|  |TAMS 0x0000000709b00000, 0x0000000709b00000| Untracked 
| 118|0x0000000709c00000, 0x0000000709c00000, 0x0000000709d00000|  0%| F|  |TAMS 0x0000000709c00000, 0x0000000709c00000| Untracked 
| 119|0x0000000709d00000, 0x0000000709d00000, 0x0000000709e00000|  0%| F|  |TAMS 0x0000000709d00000, 0x0000000709d00000| Untracked 
| 120|0x0000000709e00000, 0x0000000709e00000, 0x0000000709f00000|  0%| F|  |TAMS 0x0000000709e00000, 0x0000000709e00000| Untracked 
| 121|0x0000000709f00000, 0x0000000709f00000, 0x000000070a000000|  0%| F|  |TAMS 0x0000000709f00000, 0x0000000709f00000| Untracked 
| 122|0x000000070a000000, 0x000000070a000000, 0x000000070a100000|  0%| F|  |TAMS 0x000000070a000000, 0x000000070a000000| Untracked 
| 123|0x000000070a100000, 0x000000070a100000, 0x000000070a200000|  0%| F|  |TAMS 0x000000070a100000, 0x000000070a100000| Untracked 
| 124|0x000000070a200000, 0x000000070a200000, 0x000000070a300000|  0%| F|  |TAMS 0x000000070a200000, 0x000000070a200000| Untracked 
| 125|0x000000070a300000, 0x000000070a300000, 0x000000070a400000|  0%| F|  |TAMS 0x000000070a300000, 0x000000070a300000| Untracked 
| 126|0x000000070a400000, 0x000000070a400000, 0x000000070a500000|  0%| F|  |TAMS 0x000000070a400000, 0x000000070a400000| Untracked 
| 127|0x000000070a500000, 0x000000070a500000, 0x000000070a600000|  0%| F|  |TAMS 0x000000070a500000, 0x000000070a500000| Untracked 
| 128|0x000000070a600000, 0x000000070a600000, 0x000000070a700000|  0%| F|  |TAMS 0x000000070a600000, 0x000000070a600000| Untracked 
| 129|0x000000070a700000, 0x000000070a700000, 0x000000070a800000|  0%| F|  |TAMS 0x000000070a700000, 0x000000070a700000| Untracked 
| 130|0x000000070a800000, 0x000000070a800000, 0x000000070a900000|  0%| F|  |TAMS 0x000000070a800000, 0x000000070a800000| Untracked 
| 131|0x000000070a900000, 0x000000070a900000, 0x000000070aa00000|  0%| F|  |TAMS 0x000000070a900000, 0x000000070a900000| Untracked 
| 132|0x000000070aa00000, 0x000000070aa00000, 0x000000070ab00000|  0%| F|  |TAMS 0x000000070aa00000, 0x000000070aa00000| Untracked 
| 133|0x000000070ab00000, 0x000000070ab00000, 0x000000070ac00000|  0%| F|  |TAMS 0x000000070ab00000, 0x000000070ab00000| Untracked 
| 134|0x000000070ac00000, 0x000000070ac00000, 0x000000070ad00000|  0%| F|  |TAMS 0x000000070ac00000, 0x000000070ac00000| Untracked 
| 135|0x000000070ad00000, 0x000000070ad00000, 0x000000070ae00000|  0%| F|  |TAMS 0x000000070ad00000, 0x000000070ad00000| Untracked 
| 136|0x000000070ae00000, 0x000000070ae00000, 0x000000070af00000|  0%| F|  |TAMS 0x000000070ae00000, 0x000000070ae00000| Untracked 
| 137|0x000000070af00000, 0x000000070af00000, 0x000000070b000000|  0%| F|  |TAMS 0x000000070af00000, 0x000000070af00000| Untracked 
| 138|0x000000070b000000, 0x000000070b000000, 0x000000070b100000|  0%| F|  |TAMS 0x000000070b000000, 0x000000070b000000| Untracked 
| 139|0x000000070b100000, 0x000000070b100000, 0x000000070b200000|  0%| F|  |TAMS 0x000000070b100000, 0x000000070b100000| Untracked 
| 140|0x000000070b200000, 0x000000070b200000, 0x000000070b300000|  0%| F|  |TAMS 0x000000070b200000, 0x000000070b200000| Untracked 
| 141|0x000000070b300000, 0x000000070b300000, 0x000000070b400000|  0%| F|  |TAMS 0x000000070b300000, 0x000000070b300000| Untracked 
| 142|0x000000070b400000, 0x000000070b400000, 0x000000070b500000|  0%| F|  |TAMS 0x000000070b400000, 0x000000070b400000| Untracked 
| 143|0x000000070b500000, 0x000000070b500000, 0x000000070b600000|  0%| F|  |TAMS 0x000000070b500000, 0x000000070b500000| Untracked 
| 144|0x000000070b600000, 0x000000070b600000, 0x000000070b700000|  0%| F|  |TAMS 0x000000070b600000, 0x000000070b600000| Untracked 
| 145|0x000000070b700000, 0x000000070b700000, 0x000000070b800000|  0%| F|  |TAMS 0x000000070b700000, 0x000000070b700000| Untracked 
| 146|0x000000070b800000, 0x000000070b800000, 0x000000070b900000|  0%| F|  |TAMS 0x000000070b800000, 0x000000070b800000| Untracked 
| 147|0x000000070b900000, 0x000000070b900000, 0x000000070ba00000|  0%| F|  |TAMS 0x000000070b900000, 0x000000070b900000| Untracked 
| 148|0x000000070ba00000, 0x000000070ba00000, 0x000000070bb00000|  0%| F|  |TAMS 0x000000070ba00000, 0x000000070ba00000| Untracked 
| 149|0x000000070bb00000, 0x000000070bb00000, 0x000000070bc00000|  0%| F|  |TAMS 0x000000070bb00000, 0x000000070bb00000| Untracked 
| 150|0x000000070bc00000, 0x000000070bc00000, 0x000000070bd00000|  0%| F|  |TAMS 0x000000070bc00000, 0x000000070bc00000| Untracked 
| 151|0x000000070bd00000, 0x000000070bd00000, 0x000000070be00000|  0%| F|  |TAMS 0x000000070bd00000, 0x000000070bd00000| Untracked 
| 152|0x000000070be00000, 0x000000070be00000, 0x000000070bf00000|  0%| F|  |TAMS 0x000000070be00000, 0x000000070be00000| Untracked 
| 153|0x000000070bf00000, 0x000000070bf00000, 0x000000070c000000|  0%| F|  |TAMS 0x000000070bf00000, 0x000000070bf00000| Untracked 
| 154|0x000000070c000000, 0x000000070c000000, 0x000000070c100000|  0%| F|  |TAMS 0x000000070c000000, 0x000000070c000000| Untracked 
| 155|0x000000070c100000, 0x000000070c100000, 0x000000070c200000|  0%| F|  |TAMS 0x000000070c100000, 0x000000070c100000| Untracked 
| 156|0x000000070c200000, 0x000000070c200000, 0x000000070c300000|  0%| F|  |TAMS 0x000000070c200000, 0x000000070c200000| Untracked 
| 157|0x000000070c300000, 0x000000070c300000, 0x000000070c400000|  0%| F|  |TAMS 0x000000070c300000, 0x000000070c300000| Untracked 
| 158|0x000000070c400000, 0x000000070c400000, 0x000000070c500000|  0%| F|  |TAMS 0x000000070c400000, 0x000000070c400000| Untracked 
| 159|0x000000070c500000, 0x000000070c500000, 0x000000070c600000|  0%| F|  |TAMS 0x000000070c500000, 0x000000070c500000| Untracked 
| 160|0x000000070c600000, 0x000000070c600000, 0x000000070c700000|  0%| F|  |TAMS 0x000000070c600000, 0x000000070c600000| Untracked 
| 161|0x000000070c700000, 0x000000070c700000, 0x000000070c800000|  0%| F|  |TAMS 0x000000070c700000, 0x000000070c700000| Untracked 
| 162|0x000000070c800000, 0x000000070c800000, 0x000000070c900000|  0%| F|  |TAMS 0x000000070c800000, 0x000000070c800000| Untracked 
| 163|0x000000070c900000, 0x000000070c900000, 0x000000070ca00000|  0%| F|  |TAMS 0x000000070c900000, 0x000000070c900000| Untracked 
| 164|0x000000070ca00000, 0x000000070ca00000, 0x000000070cb00000|  0%| F|  |TAMS 0x000000070ca00000, 0x000000070ca00000| Untracked 
| 165|0x000000070cb00000, 0x000000070cb00000, 0x000000070cc00000|  0%| F|  |TAMS 0x000000070cb00000, 0x000000070cb00000| Untracked 
| 166|0x000000070cc00000, 0x000000070cc00000, 0x000000070cd00000|  0%| F|  |TAMS 0x000000070cc00000, 0x000000070cc00000| Untracked 
| 167|0x000000070cd00000, 0x000000070cd00000, 0x000000070ce00000|  0%| F|  |TAMS 0x000000070cd00000, 0x000000070cd00000| Untracked 
| 168|0x000000070ce00000, 0x000000070ce00000, 0x000000070cf00000|  0%| F|  |TAMS 0x000000070ce00000, 0x000000070ce00000| Untracked 
| 169|0x000000070cf00000, 0x000000070cf00000, 0x000000070d000000|  0%| F|  |TAMS 0x000000070cf00000, 0x000000070cf00000| Untracked 
| 170|0x000000070d000000, 0x000000070d000000, 0x000000070d100000|  0%| F|  |TAMS 0x000000070d000000, 0x000000070d000000| Untracked 
| 171|0x000000070d100000, 0x000000070d100000, 0x000000070d200000|  0%| F|  |TAMS 0x000000070d100000, 0x000000070d100000| Untracked 
| 172|0x000000070d200000, 0x000000070d200000, 0x000000070d300000|  0%| F|  |TAMS 0x000000070d200000, 0x000000070d200000| Untracked 
| 173|0x000000070d300000, 0x000000070d300000, 0x000000070d400000|  0%| F|  |TAMS 0x000000070d300000, 0x000000070d300000| Untracked 
| 174|0x000000070d400000, 0x000000070d400000, 0x000000070d500000|  0%| F|  |TAMS 0x000000070d400000, 0x000000070d400000| Untracked 
| 175|0x000000070d500000, 0x000000070d500000, 0x000000070d600000|  0%| F|  |TAMS 0x000000070d500000, 0x000000070d500000| Untracked 
| 176|0x000000070d600000, 0x000000070d600000, 0x000000070d700000|  0%| F|  |TAMS 0x000000070d600000, 0x000000070d600000| Untracked 
| 177|0x000000070d700000, 0x000000070d700000, 0x000000070d800000|  0%| F|  |TAMS 0x000000070d700000, 0x000000070d700000| Untracked 
| 178|0x000000070d800000, 0x000000070d800000, 0x000000070d900000|  0%| F|  |TAMS 0x000000070d800000, 0x000000070d800000| Untracked 
| 179|0x000000070d900000, 0x000000070d900000, 0x000000070da00000|  0%| F|  |TAMS 0x000000070d900000, 0x000000070d900000| Untracked 
| 180|0x000000070da00000, 0x000000070da00000, 0x000000070db00000|  0%| F|  |TAMS 0x000000070da00000, 0x000000070da00000| Untracked 
| 181|0x000000070db00000, 0x000000070db00000, 0x000000070dc00000|  0%| F|  |TAMS 0x000000070db00000, 0x000000070db00000| Untracked 
| 182|0x000000070dc00000, 0x000000070dc00000, 0x000000070dd00000|  0%| F|  |TAMS 0x000000070dc00000, 0x000000070dc00000| Untracked 
| 183|0x000000070dd00000, 0x000000070dd00000, 0x000000070de00000|  0%| F|  |TAMS 0x000000070dd00000, 0x000000070dd00000| Untracked 
| 184|0x000000070de00000, 0x000000070de00000, 0x000000070df00000|  0%| F|  |TAMS 0x000000070de00000, 0x000000070de00000| Untracked 
| 185|0x000000070df00000, 0x000000070df00000, 0x000000070e000000|  0%| F|  |TAMS 0x000000070df00000, 0x000000070df00000| Untracked 
| 186|0x000000070e000000, 0x000000070e000000, 0x000000070e100000|  0%| F|  |TAMS 0x000000070e000000, 0x000000070e000000| Untracked 
| 187|0x000000070e100000, 0x000000070e100000, 0x000000070e200000|  0%| F|  |TAMS 0x000000070e100000, 0x000000070e100000| Untracked 
| 188|0x000000070e200000, 0x000000070e200000, 0x000000070e300000|  0%| F|  |TAMS 0x000000070e200000, 0x000000070e200000| Untracked 
| 189|0x000000070e300000, 0x000000070e300000, 0x000000070e400000|  0%| F|  |TAMS 0x000000070e300000, 0x000000070e300000| Untracked 
| 190|0x000000070e400000, 0x000000070e400000, 0x000000070e500000|  0%| F|  |TAMS 0x000000070e400000, 0x000000070e400000| Untracked 
| 191|0x000000070e500000, 0x000000070e500000, 0x000000070e600000|  0%| F|  |TAMS 0x000000070e500000, 0x000000070e500000| Untracked 
| 192|0x000000070e600000, 0x000000070e600000, 0x000000070e700000|  0%| F|  |TAMS 0x000000070e600000, 0x000000070e600000| Untracked 
| 193|0x000000070e700000, 0x000000070e700000, 0x000000070e800000|  0%| F|  |TAMS 0x000000070e700000, 0x000000070e700000| Untracked 
| 194|0x000000070e800000, 0x000000070e800000, 0x000000070e900000|  0%| F|  |TAMS 0x000000070e800000, 0x000000070e800000| Untracked 
| 195|0x000000070e900000, 0x000000070e900000, 0x000000070ea00000|  0%| F|  |TAMS 0x000000070e900000, 0x000000070e900000| Untracked 
| 196|0x000000070ea00000, 0x000000070ea00000, 0x000000070eb00000|  0%| F|  |TAMS 0x000000070ea00000, 0x000000070ea00000| Untracked 
| 197|0x000000070eb00000, 0x000000070eb00000, 0x000000070ec00000|  0%| F|  |TAMS 0x000000070eb00000, 0x000000070eb00000| Untracked 
| 198|0x000000070ec00000, 0x000000070ec00000, 0x000000070ed00000|  0%| F|  |TAMS 0x000000070ec00000, 0x000000070ec00000| Untracked 
| 199|0x000000070ed00000, 0x000000070ed00000, 0x000000070ee00000|  0%| F|  |TAMS 0x000000070ed00000, 0x000000070ed00000| Untracked 
| 200|0x000000070ee00000, 0x000000070ee00000, 0x000000070ef00000|  0%| F|  |TAMS 0x000000070ee00000, 0x000000070ee00000| Untracked 
| 201|0x000000070ef00000, 0x000000070ef00000, 0x000000070f000000|  0%| F|  |TAMS 0x000000070ef00000, 0x000000070ef00000| Untracked 
| 202|0x000000070f000000, 0x000000070f000000, 0x000000070f100000|  0%| F|  |TAMS 0x000000070f000000, 0x000000070f000000| Untracked 
| 203|0x000000070f100000, 0x000000070f100000, 0x000000070f200000|  0%| F|  |TAMS 0x000000070f100000, 0x000000070f100000| Untracked 
| 204|0x000000070f200000, 0x000000070f200000, 0x000000070f300000|  0%| F|  |TAMS 0x000000070f200000, 0x000000070f200000| Untracked 
| 205|0x000000070f300000, 0x000000070f300000, 0x000000070f400000|  0%| F|  |TAMS 0x000000070f300000, 0x000000070f300000| Untracked 
| 206|0x000000070f400000, 0x000000070f400000, 0x000000070f500000|  0%| F|  |TAMS 0x000000070f400000, 0x000000070f400000| Untracked 
| 207|0x000000070f500000, 0x000000070f500000, 0x000000070f600000|  0%| F|  |TAMS 0x000000070f500000, 0x000000070f500000| Untracked 
| 208|0x000000070f600000, 0x000000070f600000, 0x000000070f700000|  0%| F|  |TAMS 0x000000070f600000, 0x000000070f600000| Untracked 
| 209|0x000000070f700000, 0x000000070f700000, 0x000000070f800000|  0%| F|  |TAMS 0x000000070f700000, 0x000000070f700000| Untracked 
| 210|0x000000070f800000, 0x000000070f800000, 0x000000070f900000|  0%| F|  |TAMS 0x000000070f800000, 0x000000070f800000| Untracked 
| 211|0x000000070f900000, 0x000000070f900000, 0x000000070fa00000|  0%| F|  |TAMS 0x000000070f900000, 0x000000070f900000| Untracked 
| 212|0x000000070fa00000, 0x000000070fa00000, 0x000000070fb00000|  0%| F|  |TAMS 0x000000070fa00000, 0x000000070fa00000| Untracked 
| 213|0x000000070fb00000, 0x000000070fb00000, 0x000000070fc00000|  0%| F|  |TAMS 0x000000070fb00000, 0x000000070fb00000| Untracked 
| 214|0x000000070fc00000, 0x000000070fc00000, 0x000000070fd00000|  0%| F|  |TAMS 0x000000070fc00000, 0x000000070fc00000| Untracked 
| 215|0x000000070fd00000, 0x000000070fd00000, 0x000000070fe00000|  0%| F|  |TAMS 0x000000070fd00000, 0x000000070fd00000| Untracked 
| 216|0x000000070fe00000, 0x000000070ff00000, 0x000000070ff00000|100%| S|CS|TAMS 0x000000070fe00000, 0x000000070fe00000| Complete 
| 217|0x000000070ff00000, 0x0000000710000000, 0x0000000710000000|100%| S|CS|TAMS 0x000000070ff00000, 0x000000070ff00000| Complete 
| 218|0x0000000710000000, 0x0000000710100000, 0x0000000710100000|100%| S|CS|TAMS 0x0000000710000000, 0x0000000710000000| Complete 
| 219|0x0000000710100000, 0x0000000710200000, 0x0000000710200000|100%| S|CS|TAMS 0x0000000710100000, 0x0000000710100000| Complete 
| 220|0x0000000710200000, 0x0000000710300000, 0x0000000710300000|100%| S|CS|TAMS 0x0000000710200000, 0x0000000710200000| Complete 
| 221|0x0000000710300000, 0x0000000710300000, 0x0000000710400000|  0%| F|  |TAMS 0x0000000710300000, 0x0000000710300000| Untracked 
| 222|0x0000000710400000, 0x0000000710400000, 0x0000000710500000|  0%| F|  |TAMS 0x0000000710400000, 0x0000000710400000| Untracked 
| 223|0x0000000710500000, 0x0000000710500000, 0x0000000710600000|  0%| F|  |TAMS 0x0000000710500000, 0x0000000710500000| Untracked 
| 224|0x0000000710600000, 0x0000000710600000, 0x0000000710700000|  0%| F|  |TAMS 0x0000000710600000, 0x0000000710600000| Untracked 
| 225|0x0000000710700000, 0x0000000710700000, 0x0000000710800000|  0%| F|  |TAMS 0x0000000710700000, 0x0000000710700000| Untracked 
| 226|0x0000000710800000, 0x0000000710800000, 0x0000000710900000|  0%| F|  |TAMS 0x0000000710800000, 0x0000000710800000| Untracked 
| 227|0x0000000710900000, 0x0000000710900000, 0x0000000710a00000|  0%| F|  |TAMS 0x0000000710900000, 0x0000000710900000| Untracked 
| 228|0x0000000710a00000, 0x0000000710a00000, 0x0000000710b00000|  0%| F|  |TAMS 0x0000000710a00000, 0x0000000710a00000| Untracked 
| 229|0x0000000710b00000, 0x0000000710b00000, 0x0000000710c00000|  0%| F|  |TAMS 0x0000000710b00000, 0x0000000710b00000| Untracked 
| 230|0x0000000710c00000, 0x0000000710c00000, 0x0000000710d00000|  0%| F|  |TAMS 0x0000000710c00000, 0x0000000710c00000| Untracked 
| 231|0x0000000710d00000, 0x0000000710d00000, 0x0000000710e00000|  0%| F|  |TAMS 0x0000000710d00000, 0x0000000710d00000| Untracked 
| 232|0x0000000710e00000, 0x0000000710e00000, 0x0000000710f00000|  0%| F|  |TAMS 0x0000000710e00000, 0x0000000710e00000| Untracked 
| 233|0x0000000710f00000, 0x0000000710f00000, 0x0000000711000000|  0%| F|  |TAMS 0x0000000710f00000, 0x0000000710f00000| Untracked 
| 234|0x0000000711000000, 0x0000000711000000, 0x0000000711100000|  0%| F|  |TAMS 0x0000000711000000, 0x0000000711000000| Untracked 
| 235|0x0000000711100000, 0x0000000711100000, 0x0000000711200000|  0%| F|  |TAMS 0x0000000711100000, 0x0000000711100000| Untracked 
| 236|0x0000000711200000, 0x0000000711200000, 0x0000000711300000|  0%| F|  |TAMS 0x0000000711200000, 0x0000000711200000| Untracked 
| 237|0x0000000711300000, 0x0000000711300000, 0x0000000711400000|  0%| F|  |TAMS 0x0000000711300000, 0x0000000711300000| Untracked 
| 238|0x0000000711400000, 0x0000000711400000, 0x0000000711500000|  0%| F|  |TAMS 0x0000000711400000, 0x0000000711400000| Untracked 
| 239|0x0000000711500000, 0x0000000711500000, 0x0000000711600000|  0%| F|  |TAMS 0x0000000711500000, 0x0000000711500000| Untracked 
| 240|0x0000000711600000, 0x0000000711600000, 0x0000000711700000|  0%| F|  |TAMS 0x0000000711600000, 0x0000000711600000| Untracked 
| 241|0x0000000711700000, 0x0000000711700000, 0x0000000711800000|  0%| F|  |TAMS 0x0000000711700000, 0x0000000711700000| Untracked 
| 242|0x0000000711800000, 0x0000000711800000, 0x0000000711900000|  0%| F|  |TAMS 0x0000000711800000, 0x0000000711800000| Untracked 
| 243|0x0000000711900000, 0x0000000711900000, 0x0000000711a00000|  0%| F|  |TAMS 0x0000000711900000, 0x0000000711900000| Untracked 
| 244|0x0000000711a00000, 0x0000000711a00000, 0x0000000711b00000|  0%| F|  |TAMS 0x0000000711a00000, 0x0000000711a00000| Untracked 
| 245|0x0000000711b00000, 0x0000000711c00000, 0x0000000711c00000|100%| E|  |TAMS 0x0000000711b00000, 0x0000000711b00000| Complete 
| 246|0x0000000711c00000, 0x0000000711d00000, 0x0000000711d00000|100%| E|CS|TAMS 0x0000000711c00000, 0x0000000711c00000| Complete 
| 247|0x0000000711d00000, 0x0000000711e00000, 0x0000000711e00000|100%| E|CS|TAMS 0x0000000711d00000, 0x0000000711d00000| Complete 
| 248|0x0000000711e00000, 0x0000000711f00000, 0x0000000711f00000|100%| E|CS|TAMS 0x0000000711e00000, 0x0000000711e00000| Complete 
| 249|0x0000000711f00000, 0x0000000712000000, 0x0000000712000000|100%| E|CS|TAMS 0x0000000711f00000, 0x0000000711f00000| Complete 
| 250|0x0000000712000000, 0x0000000712100000, 0x0000000712100000|100%| E|CS|TAMS 0x0000000712000000, 0x0000000712000000| Complete 
| 251|0x0000000712100000, 0x0000000712200000, 0x0000000712200000|100%| E|CS|TAMS 0x0000000712100000, 0x0000000712100000| Complete 
| 252|0x0000000712200000, 0x0000000712300000, 0x0000000712300000|100%| E|CS|TAMS 0x0000000712200000, 0x0000000712200000| Complete 
| 253|0x0000000712300000, 0x0000000712400000, 0x0000000712400000|100%| E|CS|TAMS 0x0000000712300000, 0x0000000712300000| Complete 

Card table byte_map: [0x0000022c7d000000,0x0000022c7d7f0000] _byte_map_base: 0x0000022c797ed000

Marking Bits (Prev, Next): (CMBitMap*) 0x0000022c73b64608, (CMBitMap*) 0x0000022c73b64648
 Prev Bits: [0x0000022c0f000000, 0x0000022c12f68000)
 Next Bits: [0x0000022c12f70000, 0x0000022c16ed8000)

Polling page: 0x0000022c718f0000

Metaspace:

Usage:
  Non-class:     13.88 MB capacity,    13.42 MB ( 97%) used,   378.95 KB (  3%) free+waste,    88.63 KB ( <1%) overhead. 
      Class:      2.82 MB capacity,     2.48 MB ( 88%) used,   299.50 KB ( 10%) free+waste,    47.19 KB (  2%) overhead. 
       Both:     16.70 MB capacity,    15.90 MB ( 95%) used,   678.45 KB (  4%) free+waste,   135.81 KB ( <1%) overhead. 

Virtual space:
  Non-class space:       14.00 MB reserved,      14.00 MB (100%) committed 
      Class space:        1.00 GB reserved,       2.88 MB ( <1%) committed 
             Both:        1.01 GB reserved,      16.88 MB (  2%) committed 

Chunk freelists:
   Non-Class:  59.00 KB
       Class:  28.00 KB
        Both:  87.00 KB

MaxMetaspaceSize: 17179869184.00 GB
CompressedClassSpaceSize: 1.00 GB

CodeHeap 'non-profiled nmethods': size=120000Kb used=915Kb max_used=915Kb free=119084Kb
 bounds [0x0000022c07ad0000, 0x0000022c07d40000, 0x0000022c0f000000]
CodeHeap 'profiled nmethods': size=120000Kb used=3454Kb max_used=3454Kb free=116546Kb
 bounds [0x0000022c005a0000, 0x0000022c00900000, 0x0000022c07ad0000]
CodeHeap 'non-nmethods': size=5760Kb used=1412Kb max_used=1539Kb free=4347Kb
 bounds [0x0000022c00000000, 0x0000022c00270000, 0x0000022c005a0000]
 total_blobs=2570 nmethods=1844 adapters=638
 compilation: enabled
              stopped_count=0, restarted_count=0
 full_count=0

Compilation events (20 events):
Event: 1.900 Thread 0x0000022c7f63d000 nmethod 1753 0x0000022c07b6a690 code [0x0000022c07b6a820, 0x0000022c07b6a938]
Event: 1.901 Thread 0x0000022c7f643800 1762       3       com.sun.javafx.scene.NodeHelper::markDirty (10 bytes)
Event: 1.901 Thread 0x0000022c7f643800 nmethod 1762 0x0000022c008fc510 code [0x0000022c008fc6c0, 0x0000022c008fc8b8]
Event: 1.901 Thread 0x0000022c7f643800 1763       3       com.sun.javafx.scene.NodeHelper::markDirtyImpl (11 bytes)
Event: 1.902 Thread 0x0000022c7f643800 nmethod 1763 0x0000022c008fc990 code [0x0000022c008fcb80, 0x0000022c008fd068]
Event: 1.905 Thread 0x0000022c7f643800 1764       3       javafx.beans.property.ObjectPropertyBase::markInvalid (21 bytes)
Event: 1.905 Thread 0x0000022c7f643800 nmethod 1764 0x0000022c008fd290 code [0x0000022c008fd440, 0x0000022c008fd738]
Event: 1.907 Thread 0x0000022c7f643800 1765       3       javafx.beans.property.ReadOnlyObjectWrapper$ReadOnlyPropertyImpl::get (8 bytes)
Event: 1.907 Thread 0x0000022c7f643800 nmethod 1765 0x0000022c008fd810 code [0x0000022c008fd9c0, 0x0000022c008fdd08]
Event: 1.907 Thread 0x0000022c7f643800 1766       3       java.util.HashMap::values (25 bytes)
Event: 1.907 Thread 0x0000022c7f643800 nmethod 1766 0x0000022c008fde10 code [0x0000022c008fdfc0, 0x0000022c008fe378]
Event: 1.908 Thread 0x0000022c7f643800 1767       3       java.lang.invoke.BootstrapMethodInvoker::maybeReBoxElements (24 bytes)
Event: 1.908 Thread 0x0000022c7f643800 nmethod 1767 0x0000022c008fe490 code [0x0000022c008fe660, 0x0000022c008fed08]
Event: 1.908 Thread 0x0000022c7f643800 1768       3       java.lang.invoke.BootstrapMethodInvoker::isLambdaMetafactoryIndyBSM (13 bytes)
Event: 1.909 Thread 0x0000022c7f643800 nmethod 1768 0x0000022c008fee90 code [0x0000022c008ff020, 0x0000022c008ff158]
Event: 1.909 Thread 0x0000022c7f643800 1769       3       java.lang.invoke.LambdaMetafactory::metafactory (35 bytes)
Event: 1.909 Thread 0x0000022c7f643800 nmethod 1769 0x0000022c008ff210 code [0x0000022c008ff3e0, 0x0000022c008ff6a8]
Event: 1.909 Thread 0x0000022c7f63d000 1770       4       java.lang.Object::equals (11 bytes)
Event: 1.909 Thread 0x0000022c7f643800 1771       3       jdk.internal.org.objectweb.asm.ClassWriter::toByteArray (1332 bytes)
Event: 1.909 Thread 0x0000022c7f63d000 nmethod 1770 0x0000022c07b6aa10 code [0x0000022c07b6ab80, 0x0000022c07b6abf8]

GC Heap History (2 events):
Event: 0.898 GC heap before
{Heap before GC invocations=0 (full 0):
 garbage-first heap   total 260096K, used 22528K [0x0000000702600000, 0x0000000800000000)
  region size 1024K, 23 young (23552K), 0 survivors (0K)
 Metaspace       used 7061K, capacity 8749K, committed 9088K, reserved 1056768K
  class space    used 866K, capacity 1053K, committed 1152K, reserved 1048576K
}
Event: 0.904 GC heap after
{Heap after GC invocations=1 (full 0):
 garbage-first heap   total 260096K, used 4382K [0x0000000702600000, 0x0000000800000000)
  region size 1024K, 3 young (3072K), 3 survivors (3072K)
 Metaspace       used 7061K, capacity 8749K, committed 9088K, reserved 1056768K
  class space    used 866K, capacity 1053K, committed 1152K, reserved 1048576K
}

Deoptimization events (20 events):
Event: 1.877 Thread 0x0000022c19b78800 Uncommon trap: trap_request=0xffffffde fr.pc=0x0000022c07ae33e8 relative=0x00000000000001c8
Event: 1.877 Thread 0x0000022c19b78800 Uncommon trap: reason=class_check action=maybe_recompile pc=0x0000022c07ae33e8 method=java.lang.String.equals(Ljava/lang/Object;)Z @ 8 c2
Event: 1.877 Thread 0x0000022c19b78800 DEOPT PACKING pc=0x0000022c07ae33e8 sp=0x00000059b71fdb10
Event: 1.877 Thread 0x0000022c19b78800 DEOPT UNPACKING pc=0x0000022c0004912f sp=0x00000059b71fdab8 mode 2
Event: 1.879 Thread 0x0000022c19b78800 Uncommon trap: trap_request=0xffffffde fr.pc=0x0000022c07b62700 relative=0x0000000000000200
Event: 1.879 Thread 0x0000022c19b78800 Uncommon trap: reason=class_check action=maybe_recompile pc=0x0000022c07b62700 method=com.sun.javafx.css.BitSet.containsAll(Ljava/util/Collection;)Z @ 18 c2
Event: 1.879 Thread 0x0000022c19b78800 DEOPT PACKING pc=0x0000022c07b62700 sp=0x00000059b71fda70
Event: 1.879 Thread 0x0000022c19b78800 DEOPT UNPACKING pc=0x0000022c0004912f sp=0x00000059b71fda08 mode 2
Event: 1.879 Thread 0x0000022c19b78800 Uncommon trap: trap_request=0xffffffde fr.pc=0x0000022c07b62700 relative=0x0000000000000200
Event: 1.879 Thread 0x0000022c19b78800 Uncommon trap: reason=class_check action=maybe_recompile pc=0x0000022c07b62700 method=com.sun.javafx.css.BitSet.containsAll(Ljava/util/Collection;)Z @ 18 c2
Event: 1.879 Thread 0x0000022c19b78800 DEOPT PACKING pc=0x0000022c07b62700 sp=0x00000059b71fd990
Event: 1.879 Thread 0x0000022c19b78800 DEOPT UNPACKING pc=0x0000022c0004912f sp=0x00000059b71fd928 mode 2
Event: 1.879 Thread 0x0000022c19b78800 Uncommon trap: trap_request=0xffffffde fr.pc=0x0000022c07ae33e8 relative=0x00000000000001c8
Event: 1.879 Thread 0x0000022c19b78800 Uncommon trap: reason=class_check action=maybe_recompile pc=0x0000022c07ae33e8 method=java.lang.String.equals(Ljava/lang/Object;)Z @ 8 c2
Event: 1.879 Thread 0x0000022c19b78800 DEOPT PACKING pc=0x0000022c07ae33e8 sp=0x00000059b71fdb20
Event: 1.879 Thread 0x0000022c19b78800 DEOPT UNPACKING pc=0x0000022c0004912f sp=0x00000059b71fdac8 mode 2
Event: 1.879 Thread 0x0000022c19b78800 Uncommon trap: trap_request=0xffffffde fr.pc=0x0000022c07b62700 relative=0x0000000000000200
Event: 1.879 Thread 0x0000022c19b78800 Uncommon trap: reason=class_check action=maybe_recompile pc=0x0000022c07b62700 method=com.sun.javafx.css.BitSet.containsAll(Ljava/util/Collection;)Z @ 18 c2
Event: 1.879 Thread 0x0000022c19b78800 DEOPT PACKING pc=0x0000022c07b62700 sp=0x00000059b71fd660
Event: 1.879 Thread 0x0000022c19b78800 DEOPT UNPACKING pc=0x0000022c0004912f sp=0x00000059b71fd5f8 mode 2

Classes unloaded (0 events):
No events

Classes redefined (0 events):
No events

Internal exceptions (20 events):
Event: 0.576 Thread 0x0000022c73afc800 Exception <a 'java/lang/NoSuchMethodError'{0x0000000711791a80}: 'java.lang.Object java.lang.invoke.DirectMethodHandle$Holder.invokeStatic(java.lang.Object, java.lang.Object, int, java.lang.Object)'> (0x0000000711791a80) 
thrown [./open/src/hotspot/share/interpreter/linkResolver.cpp, line 766]
Event: 0.577 Thread 0x0000022c73afc800 Exception <a 'java/lang/NoSuchMethodError'{0x0000000711797d18}: 'java.lang.Object java.lang.invoke.Invokers$Holder.linkToTargetMethod(java.lang.Object, int, java.lang.Object, java.lang.Object)'> (0x0000000711797d18) 
thrown [./open/src/hotspot/share/interpreter/linkResolver.cpp, line 766]
Event: 0.675 Thread 0x0000022c19b78800 Exception <a 'java/lang/NoSuchMethodError'{0x00000007114129e8}: 'void java.lang.invoke.DirectMethodHandle$Holder.invokeStaticInit(java.lang.Object)'> (0x00000007114129e8) 
thrown [./open/src/hotspot/share/interpreter/linkResolver.cpp, line 766]
Event: 0.678 Thread 0x0000022c73afc800 Exception <a 'java/lang/NoSuchMethodError'{0x00000007117a6e18}: 'java.lang.Object java.lang.invoke.Invokers$Holder.linkToTargetMethod(java.lang.Object, java.lang.Object, java.lang.Object, java.lang.Object, java.lang.Object, java.lang.Object)'> (0x00000007117a6e18) 
thrown [./open/src/hotspot/share/interpreter/linkResolver.cpp, line 766]
Event: 0.689 Thread 0x0000022c1a2e3800 Exception <a 'java/lang/NoSuchMethodError'{0x000000071147ba50}: 'void java.lang.invoke.DirectMethodHandle$Holder.invokeStatic(java.lang.Object, java.lang.Object, java.lang.Object, java.lang.Object)'> (0x000000071147ba50) 
thrown [./open/src/hotspot/share/interpreter/linkResolver.cpp, line 766]
Event: 0.844 Thread 0x0000022c19b78800 Exception <a 'java/lang/NoSuchMethodError'{0x0000000710e7d9d0}: 'java.lang.Object java.lang.invoke.DirectMethodHandle$Holder.invokeStaticInit(java.lang.Object, java.lang.Object, java.lang.Object, java.lang.Object)'> (0x0000000710e7d9d0) 
thrown [./open/src/hotspot/share/interpreter/linkResolver.cpp, line 766]
Event: 0.847 Thread 0x0000022c19b78800 Exception <a 'java/lang/NullPointerException'{0x0000000710e883b8}> (0x0000000710e883b8) 
thrown [./open/src/hotspot/share/interpreter/linkResolver.cpp, line 1348]
Event: 0.853 Thread 0x0000022c19b78800 Exception <a 'java/lang/NoSuchMethodError'{0x0000000710eabf98}: 'void java.lang.invoke.DirectMethodHandle$Holder.invokeSpecial(java.lang.Object, java.lang.Object, java.lang.Object, java.lang.Object, java.lang.Object)'> (0x0000000710eabf98) 
thrown [./open/src/hotspot/share/interpreter/linkResolver.cpp, line 766]
Event: 1.055 Thread 0x0000022c19b78800 Exception <a 'java/lang/NoSuchMethodError'{0x0000000711d50420}: 'void java.lang.invoke.DirectMethodHandle$Holder.invokeStaticInit(java.lang.Object, java.lang.Object)'> (0x0000000711d50420) 
thrown [./open/src/hotspot/share/interpreter/linkResolver.cpp, line 766]
Event: 1.084 Thread 0x0000022c19b78800 Exception <a 'java/lang/NoSuchMethodError'{0x0000000711cbe5b0}: 'java.lang.Object java.lang.invoke.Invokers$Holder.linkToTargetMethod(java.lang.Object, int, java.lang.Object)'> (0x0000000711cbe5b0) 
thrown [./open/src/hotspot/share/interpreter/linkResolver.cpp, line 766]
Event: 1.359 Thread 0x0000022c19b78800 Implicit null exception at 0x0000022c07b29c45 to 0x0000022c07b2a100
Event: 1.360 Thread 0x0000022c19b78800 Implicit null exception at 0x0000022c07aefae8 to 0x0000022c07aefb7a
Event: 1.379 Thread 0x0000022c19b78800 Implicit null exception at 0x0000022c07aeec2f to 0x0000022c07aeecad
Event: 1.642 Thread 0x0000022c19b78800 Exception <a 'java/io/FileNotFoundException'{0x0000000710e7c1e0}> (0x0000000710e7c1e0) 
thrown [./open/src/hotspot/share/prims/jni.cpp, line 599]
Event: 1.688 Thread 0x0000022c19b78800 Exception <a 'java/io/FileNotFoundException'{0x0000000710d6f818}> (0x0000000710d6f818) 
thrown [./open/src/hotspot/share/prims/jni.cpp, line 599]
Event: 1.702 Thread 0x0000022c19b78800 Exception <a 'java/io/FileNotFoundException'{0x0000000710daac68}> (0x0000000710daac68) 
thrown [./open/src/hotspot/share/prims/jni.cpp, line 599]
Event: 1.717 Thread 0x0000022c19b78800 Exception <a 'java/io/FileNotFoundException'{0x0000000710904058}> (0x0000000710904058) 
thrown [./open/src/hotspot/share/prims/jni.cpp, line 599]
Event: 1.724 Thread 0x0000022c19b78800 Exception <a 'java/io/FileNotFoundException'{0x000000071092de68}> (0x000000071092de68) 
thrown [./open/src/hotspot/share/prims/jni.cpp, line 599]
Event: 1.910 Thread 0x0000022c19b78800 Exception <a 'java/lang/NoSuchMethodError'{0x0000000710504870}: 'java.lang.Object java.lang.invoke.DirectMethodHandle$Holder.invokeInterface(java.lang.Object, java.lang.Object, java.lang.Object)'> (0x0000000710504870) 
thrown [./open/src/hotspot/share/interpreter/linkResolver.cpp, line 766]
Event: 1.910 Thread 0x0000022c19b78800 Exception <a 'java/lang/IncompatibleClassChangeError'{0x0000000710507700}: Found class java.lang.Object, but interface was expected> (0x0000000710507700) 
thrown [./open/src/hotspot/share/interpreter/linkResolver.cpp, line 832]

Events (20 events):
Event: 1.686 loading class sun/security/jca/GetInstance$Instance done
Event: 1.686 loading class java/security/MessageDigest$Delegate
Event: 1.686 loading class sun/security/util/MessageDigestSpi2
Event: 1.686 loading class sun/security/util/MessageDigestSpi2 done
Event: 1.687 loading class java/security/MessageDigest$Delegate done
Event: 1.687 loading class sun/security/provider/ByteArrayAccess
Event: 1.687 loading class sun/security/provider/ByteArrayAccess done
Event: 1.751 loading class java/util/PropertyResourceBundle
Event: 1.751 loading class java/util/PropertyResourceBundle done
Event: 1.751 loading class sun/util/PropertyResourceBundleCharset
Event: 1.751 loading class sun/util/PropertyResourceBundleCharset done
Event: 1.751 loading class sun/util/PropertyResourceBundleCharset$PropertiesFileDecoder
Event: 1.751 loading class sun/util/PropertyResourceBundleCharset$PropertiesFileDecoder done
Event: 1.837 loading class jdk/jfr/FlightRecorder
Event: 1.838 loading class jdk/jfr/FlightRecorder done
Event: 1.900 Executing VM operation: HandshakeOneThread
Event: 1.900 Executing VM operation: HandshakeOneThread done
Event: 1.900 Thread 0x0000022c21f5b800 Thread added: 0x0000022c21f5b800
Event: 1.910 Executing VM operation: HandshakeOneThread
Event: 1.910 Executing VM operation: HandshakeOneThread done


Dynamic libraries:
0x00007ff618f40000 - 0x00007ff618f4f000 	C:\Program Files\Java\jdk-14.0.2\bin\java.exe
0x00007ffddbe90000 - 0x00007ffddc085000 	C:\Windows\SYSTEM32\ntdll.dll
0x00007ffdda090000 - 0x00007ffdda14d000 	C:\Windows\System32\KERNEL32.DLL
0x00007ffdd96d0000 - 0x00007ffdd9998000 	C:\Windows\System32\KERNELBASE.dll
0x00007ffdd9c40000 - 0x00007ffdd9d40000 	C:\Windows\System32\ucrtbase.dll
0x00007ffdcda50000 - 0x00007ffdcda65000 	C:\Program Files\Java\jdk-14.0.2\bin\VCRUNTIME140.dll
0x00007ffdcda70000 - 0x00007ffdcda88000 	C:\Program Files\Java\jdk-14.0.2\bin\jli.dll
0x00007ffddb690000 - 0x00007ffddb73c000 	C:\Windows\System32\ADVAPI32.dll
0x00007ffddbbb0000 - 0x00007ffddbc4e000 	C:\Windows\System32\msvcrt.dll
0x00007ffddb740000 - 0x00007ffddb7db000 	C:\Windows\System32\sechost.dll
0x00007ffdda6c0000 - 0x00007ffdda7eb000 	C:\Windows\System32\RPCRT4.dll
0x00007ffdd9ef0000 - 0x00007ffdda090000 	C:\Windows\System32\USER32.dll
0x00007ffdbfc20000 - 0x00007ffdbfeba000 	C:\Windows\WinSxS\amd64_microsoft.windows.common-controls_6595b64144ccf1df_6.0.19041.844_none_ca00b6081b84eb1d\COMCTL32.dll
0x00007ffdd99a0000 - 0x00007ffdd99c2000 	C:\Windows\System32\win32u.dll
0x00007ffddbe20000 - 0x00007ffddbe4a000 	C:\Windows\System32\GDI32.dll
0x00007ffdd9de0000 - 0x00007ffdd9eeb000 	C:\Windows\System32\gdi32full.dll
0x00007ffdd9d40000 - 0x00007ffdd9ddd000 	C:\Windows\System32\msvcp_win.dll
0x00007ffdd3540000 - 0x00007ffdd354a000 	C:\Windows\SYSTEM32\VERSION.dll
0x00007ffdda610000 - 0x00007ffdda640000 	C:\Windows\System32\IMM32.DLL
0x00007ffda9810000 - 0x00007ffda98ab000 	C:\Program Files\Java\jdk-14.0.2\bin\msvcp140.dll
0x00007ffd93120000 - 0x00007ffd93c3e000 	C:\Program Files\Java\jdk-14.0.2\bin\server\jvm.dll
0x00007ffddbe10000 - 0x00007ffddbe18000 	C:\Windows\System32\PSAPI.DLL
0x00007ffdc78e0000 - 0x00007ffdc7907000 	C:\Windows\SYSTEM32\WINMM.dll
0x00007ffdd50c0000 - 0x00007ffdd50c9000 	C:\Windows\SYSTEM32\WSOCK32.dll
0x00007ffddb620000 - 0x00007ffddb68b000 	C:\Windows\System32\WS2_32.dll
0x00007ffdd7520000 - 0x00007ffdd7532000 	C:\Windows\SYSTEM32\kernel.appcore.dll
0x00007ffdd4790000 - 0x00007ffdd479a000 	C:\Program Files\Java\jdk-14.0.2\bin\jimage.dll
0x00007ffdc1560000 - 0x00007ffdc1744000 	C:\Windows\SYSTEM32\DBGHELP.DLL
0x00007ffdc1530000 - 0x00007ffdc155c000 	C:\Windows\SYSTEM32\dbgcore.DLL
0x00007ffdd9b90000 - 0x00007ffdd9c10000 	C:\Windows\System32\bcryptPrimitives.dll
0x00007ffdd4660000 - 0x00007ffdd466e000 	C:\Program Files\Java\jdk-14.0.2\bin\instrument.dll
0x00007ffdcda20000 - 0x00007ffdcda45000 	C:\Program Files\Java\jdk-14.0.2\bin\java.dll
0x00007ffdcd8a0000 - 0x00007ffdcd8b6000 	C:\Program Files\Java\jdk-14.0.2\bin\zip.dll
0x00007ffddaed0000 - 0x00007ffddb612000 	C:\Windows\System32\SHELL32.dll
0x00007ffdd7720000 - 0x00007ffdd7eb0000 	C:\Windows\SYSTEM32\windows.storage.dll
0x00007ffdda200000 - 0x00007ffdda555000 	C:\Windows\System32\combase.dll
0x00007ffdd9040000 - 0x00007ffdd906c000 	C:\Windows\SYSTEM32\Wldp.dll
0x00007ffdda560000 - 0x00007ffdda60e000 	C:\Windows\System32\SHCORE.dll
0x00007ffddb8d0000 - 0x00007ffddb925000 	C:\Windows\System32\shlwapi.dll
0x00007ffdd9510000 - 0x00007ffdd952f000 	C:\Windows\SYSTEM32\profapi.dll
0x00007ffdcd880000 - 0x00007ffdcd899000 	C:\Program Files\Java\jdk-14.0.2\bin\net.dll
0x00007ffdc92e0000 - 0x00007ffdc93eb000 	C:\Windows\SYSTEM32\WINHTTP.dll
0x00007ffdd8db0000 - 0x00007ffdd8e1a000 	C:\Windows\system32\mswsock.dll
0x00007ffdcd860000 - 0x00007ffdcd872000 	C:\Program Files\Java\jdk-14.0.2\bin\nio.dll
0x00007ffdcd670000 - 0x00007ffdcd68a000 	C:\Program Files\JetBrains\IntelliJ IDEA Community Edition 2020.3.2\bin\breakgen64.dll
0x0000022c71b20000 - 0x0000022c71b23000 	C:\Program Files\Java\javaFX 15\bin\api-ms-win-core-console-l1-1-0.dll
0x0000022c73a10000 - 0x0000022c73a13000 	C:\Program Files\Java\javaFX 15\bin\api-ms-win-core-console-l1-2-0.dll
0x0000022c73a20000 - 0x0000022c73a23000 	C:\Program Files\Java\javaFX 15\bin\api-ms-win-core-datetime-l1-1-0.dll
0x0000022c73a30000 - 0x0000022c73a33000 	C:\Program Files\Java\javaFX 15\bin\api-ms-win-core-debug-l1-1-0.dll
0x0000022c73a40000 - 0x0000022c73a43000 	C:\Program Files\Java\javaFX 15\bin\api-ms-win-core-errorhandling-l1-1-0.dll
0x0000022c73a50000 - 0x0000022c73a54000 	C:\Program Files\Java\javaFX 15\bin\api-ms-win-core-file-l1-1-0.dll
0x0000022c73a60000 - 0x0000022c73a63000 	C:\Program Files\Java\javaFX 15\bin\api-ms-win-core-file-l1-2-0.dll
0x0000022c73a70000 - 0x0000022c73a73000 	C:\Program Files\Java\javaFX 15\bin\api-ms-win-core-file-l2-1-0.dll
0x0000022c73a80000 - 0x0000022c73a83000 	C:\Program Files\Java\javaFX 15\bin\api-ms-win-core-handle-l1-1-0.dll
0x0000022c73a90000 - 0x0000022c73a93000 	C:\Program Files\Java\javaFX 15\bin\api-ms-win-core-heap-l1-1-0.dll
0x0000022c73aa0000 - 0x0000022c73aa3000 	C:\Program Files\Java\javaFX 15\bin\api-ms-win-core-interlocked-l1-1-0.dll
0x0000022c73ab0000 - 0x0000022c73ab3000 	C:\Program Files\Java\javaFX 15\bin\api-ms-win-core-libraryloader-l1-1-0.dll
0x0000022c73ac0000 - 0x0000022c73ac3000 	C:\Program Files\Java\javaFX 15\bin\api-ms-win-core-localization-l1-2-0.dll
0x0000022c73ad0000 - 0x0000022c73ad3000 	C:\Program Files\Java\javaFX 15\bin\api-ms-win-core-memory-l1-1-0.dll
0x0000022c7fa90000 - 0x0000022c7fa93000 	C:\Program Files\Java\javaFX 15\bin\api-ms-win-core-namedpipe-l1-1-0.dll
0x0000022c7faa0000 - 0x0000022c7faa3000 	C:\Program Files\Java\javaFX 15\bin\api-ms-win-core-processenvironment-l1-1-0.dll
0x0000022c7fab0000 - 0x0000022c7fab3000 	C:\Program Files\Java\javaFX 15\bin\api-ms-win-core-processthreads-l1-1-0.dll
0x0000022c7fac0000 - 0x0000022c7fac3000 	C:\Program Files\Java\javaFX 15\bin\api-ms-win-core-processthreads-l1-1-1.dll
0x0000022c7fad0000 - 0x0000022c7fad3000 	C:\Program Files\Java\javaFX 15\bin\api-ms-win-core-profile-l1-1-0.dll
0x0000022c7fae0000 - 0x0000022c7fae3000 	C:\Program Files\Java\javaFX 15\bin\api-ms-win-core-rtlsupport-l1-1-0.dll
0x0000022c7faf0000 - 0x0000022c7faf3000 	C:\Program Files\Java\javaFX 15\bin\api-ms-win-core-string-l1-1-0.dll
0x0000022c7fb00000 - 0x0000022c7fb03000 	C:\Program Files\Java\javaFX 15\bin\api-ms-win-core-synch-l1-1-0.dll
0x0000022c7fb10000 - 0x0000022c7fb13000 	C:\Program Files\Java\javaFX 15\bin\api-ms-win-core-synch-l1-2-0.dll
0x0000022c7fb20000 - 0x0000022c7fb23000 	C:\Program Files\Java\javaFX 15\bin\api-ms-win-core-sysinfo-l1-1-0.dll
0x0000022c7fb30000 - 0x0000022c7fb33000 	C:\Program Files\Java\javaFX 15\bin\api-ms-win-core-timezone-l1-1-0.dll
0x0000022c7fb40000 - 0x0000022c7fb43000 	C:\Program Files\Java\javaFX 15\bin\api-ms-win-core-util-l1-1-0.dll
0x0000022c7fb50000 - 0x0000022c7fb53000 	C:\Program Files\Java\javaFX 15\bin\api-ms-win-crt-conio-l1-1-0.dll
0x0000022c7fb60000 - 0x0000022c7fb64000 	C:\Program Files\Java\javaFX 15\bin\api-ms-win-crt-convert-l1-1-0.dll
0x0000022c7fec0000 - 0x0000022c7fec3000 	C:\Program Files\Java\javaFX 15\bin\api-ms-win-crt-environment-l1-1-0.dll
0x0000022c7fed0000 - 0x0000022c7fed3000 	C:\Program Files\Java\javaFX 15\bin\api-ms-win-crt-filesystem-l1-1-0.dll
0x0000022c7fee0000 - 0x0000022c7fee3000 	C:\Program Files\Java\javaFX 15\bin\api-ms-win-crt-heap-l1-1-0.dll
0x0000022c7fef0000 - 0x0000022c7fef3000 	C:\Program Files\Java\javaFX 15\bin\api-ms-win-crt-locale-l1-1-0.dll
0x0000022c7ff00000 - 0x0000022c7ff05000 	C:\Program Files\Java\javaFX 15\bin\api-ms-win-crt-math-l1-1-0.dll
0x0000022c7ff10000 - 0x0000022c7ff15000 	C:\Program Files\Java\javaFX 15\bin\api-ms-win-crt-multibyte-l1-1-0.dll
0x0000022c7fb70000 - 0x0000022c7fb80000 	C:\Program Files\Java\javaFX 15\bin\api-ms-win-crt-private-l1-1-0.dll
0x0000022c7fb80000 - 0x0000022c7fb83000 	C:\Program Files\Java\javaFX 15\bin\api-ms-win-crt-process-l1-1-0.dll
0x0000022c7fb90000 - 0x0000022c7fb94000 	C:\Program Files\Java\javaFX 15\bin\api-ms-win-crt-runtime-l1-1-0.dll
0x0000022c7fba0000 - 0x0000022c7fba4000 	C:\Program Files\Java\javaFX 15\bin\api-ms-win-crt-stdio-l1-1-0.dll
0x0000022c7fbb0000 - 0x0000022c7fbb4000 	C:\Program Files\Java\javaFX 15\bin\api-ms-win-crt-string-l1-1-0.dll
0x0000022c7fbc0000 - 0x0000022c7fbc3000 	C:\Program Files\Java\javaFX 15\bin\api-ms-win-crt-time-l1-1-0.dll
0x0000022c7fbd0000 - 0x0000022c7fbd3000 	C:\Program Files\Java\javaFX 15\bin\api-ms-win-crt-utility-l1-1-0.dll
0x00007ffd9a870000 - 0x00007ffd9a96c000 	C:\Program Files\Java\javaFX 15\bin\ucrtbase.dll
0x00007ffdae080000 - 0x00007ffdae095000 	C:\Program Files\Java\javaFX 15\bin\vcruntime140.dll
0x00007ffda6730000 - 0x00007ffda673c000 	C:\Windows\System32\vcruntime140_1.dll
0x00007ffd9bbb0000 - 0x00007ffd9bc4b000 	C:\Program Files\Java\javaFX 15\bin\msvcp140.dll
0x00007ffda8730000 - 0x00007ffda8753000 	C:\Program Files\Java\javaFX 15\bin\prism_d3d.dll
0x00007ffdcd250000 - 0x00007ffdcd41e000 	C:\Windows\system32\d3d9.dll
0x00007ffdd7230000 - 0x00007ffdd725f000 	C:\Windows\SYSTEM32\dwmapi.dll
0x00007ffdd6fe0000 - 0x00007ffdd707e000 	C:\Windows\system32\uxtheme.dll
0x00007ffdc6ed0000 - 0x00007ffdc7033000 	C:\Windows\System32\DriverStore\FileRepository\iigd_dch.inf_amd64_a086f01cc7be643a\igdumdim64.dll
0x00007ffd66530000 - 0x00007ffd69f34000 	C:\Windows\System32\DriverStore\FileRepository\iigd_dch.inf_amd64_a086f01cc7be643a\igd9dxva64.dll
0x00007ffddbc50000 - 0x00007ffddbd7a000 	C:\Windows\System32\ole32.dll
0x00007ffddb930000 - 0x00007ffddb9fd000 	C:\Windows\System32\OLEAUT32.dll
0x00007ffdda8d0000 - 0x00007ffddad39000 	C:\Windows\System32\SETUPAPI.dll
0x00007ffdd95d0000 - 0x00007ffdd961e000 	C:\Windows\System32\cfgmgr32.dll
0x00007ffdd9c10000 - 0x00007ffdd9c37000 	C:\Windows\System32\bcrypt.dll
0x00007ffdcc910000 - 0x00007ffdccb4f000 	C:\Windows\System32\DriverStore\FileRepository\iigd_dch.inf_amd64_a086f01cc7be643a\igdgmm64.dll
0x00007ffd9bb20000 - 0x00007ffd9bb65000 	C:\Program Files\Java\javaFX 15\bin\glass.dll
0x00007ffdda7f0000 - 0x00007ffdda8ca000 	C:\Windows\System32\COMDLG32.dll
0x00007ffddad50000 - 0x00007ffddae65000 	C:\Windows\System32\MSCTF.dll
0x00007ffdcceb0000 - 0x00007ffdcced7000 	C:\Windows\System32\DriverStore\FileRepository\iigd_dch.inf_amd64_a086f01cc7be643a\igdinfo64.dll
0x00007ffdc9ca0000 - 0x00007ffdcc902000 	C:\Windows\System32\DriverStore\FileRepository\iigd_dch.inf_amd64_a086f01cc7be643a\igc64.dll
0x00007ffdcff40000 - 0x00007ffdcff7b000 	C:\Windows\SYSTEM32\dxcore.dll
0x00007ffda6420000 - 0x00007ffda6434000 	C:\Program Files\Java\javaFX 15\bin\javafx_font.dll
0x00007ffdc8150000 - 0x00007ffdc83cf000 	C:\Windows\SYSTEM32\dwrite.dll
0x00007ffdda150000 - 0x00007ffdda1f9000 	C:\Windows\System32\clbcatq.dll
0x00007ffdd2e40000 - 0x00007ffdd2ff4000 	C:\Windows\SYSTEM32\WindowsCodecs.dll
0x00007ffdb8560000 - 0x00007ffdb859e000 	C:\Windows\system32\dataexchange.dll
0x00007ffdd5a70000 - 0x00007ffdd5cd4000 	C:\Windows\system32\d3d11.dll
0x00007ffdd62a0000 - 0x00007ffdd6485000 	C:\Windows\system32\dcomp.dll
0x00007ffdd7f10000 - 0x00007ffdd8004000 	C:\Windows\system32\dxgi.dll
0x00007ffdd3330000 - 0x00007ffdd3531000 	C:\Windows\system32\twinapi.appcore.dll
0x00007ffdcd920000 - 0x00007ffdcd954000 	C:\Program Files\Common Files\Microsoft Shared\Ink\rtscom.dll
0x00007ffdcd100000 - 0x00007ffdcd1f9000 	C:\Windows\SYSTEM32\textinputframework.dll
0x00007ffdd6810000 - 0x00007ffdd6b6e000 	C:\Windows\System32\CoreUIComponents.dll
0x00007ffdd6b70000 - 0x00007ffdd6c62000 	C:\Windows\System32\CoreMessaging.dll
0x00007ffdd8310000 - 0x00007ffdd8343000 	C:\Windows\SYSTEM32\ntmarta.dll
0x00007ffdd54b0000 - 0x00007ffdd5604000 	C:\Windows\SYSTEM32\wintypes.dll

dbghelp: loaded successfully - version: 4.0.5 - missing functions: none
symbol engine: initialized successfully - sym options: 0x614 - pdb path: .;C:\Program Files\Java\jdk-14.0.2\bin;C:\Windows\SYSTEM32;C:\Windows\WinSxS\amd64_microsoft.windows.common-controls_6595b64144ccf1df_6.0.19041.844_none_ca00b6081b84eb1d;C:\Program Files\Java\jdk-14.0.2\bin\server;C:\Program Files\JetBrains\IntelliJ IDEA Community Edition 2020.3.2\bin;C:\Program Files\Java\javaFX 15\bin;C:\Windows\System32\DriverStore\FileRepository\iigd_dch.inf_amd64_a086f01cc7be643a;C:\Program Files\Common Files\Microsoft Shared\Ink

VM Arguments:
jvm_args: --module-path=C:\Program Files\Java\javaFX 15\lib --add-modules=javafx.controls,javafx.fxml -javaagent:C:\Program Files\JetBrains\IntelliJ IDEA Community Edition 2020.3.2\lib\idea_rt.jar=57666:C:\Program Files\JetBrains\IntelliJ IDEA Community Edition 2020.3.2\bin -Dfile.encoding=UTF-8 
java_command: password_manager.PasswordManager
java_class_path (initial): D:\College\_Java\JavaFX\out\production\JavaFX;D:\College\_Java\JavaFX\dist\lib\javafx.media.jar;D:\College\_Java\JavaFX\dist\lib\javafx-swt.jar;D:\College\_Java\JavaFX\dist\lib\javafx.base.jar;D:\College\_Java\JavaFX\dist\lib\javafx.controls.jar;D:\College\_Java\JavaFX\dist\lib\javafx.web.jar;D:\College\_Java\JavaFX\dist\lib\jfoenix-9.0.10.jar;D:\College\_Java\JavaFX\dist\lib\javafx.swing.jar;D:\College\_Java\JavaFX\dist\lib\javafx.fxml.jar;D:\College\_Java\JavaFX\dist\lib\javafx.graphics.jar;C:\Program Files\Java\mysql-connector-java-8.0.25.jar
Launcher Type: SUN_STANDARD

[Global flags]
     intx CICompilerCount                          = 4                                         {product} {ergonomic}
     uint ConcGCThreads                            = 3                                         {product} {ergonomic}
     uint G1ConcRefinementThreads                  = 10                                        {product} {ergonomic}
   size_t G1HeapRegionSize                         = 1048576                                   {product} {ergonomic}
    uintx GCDrainStackTargetSize                   = 64                                        {product} {ergonomic}
   size_t InitialHeapSize                          = 266338304                                 {product} {ergonomic}
   size_t MarkStackSize                            = 4194304                                   {product} {ergonomic}
   size_t MaxHeapSize                              = 4255121408                                {product} {ergonomic}
   size_t MaxNewSize                               = 2552233984                                {product} {ergonomic}
   size_t MinHeapDeltaBytes                        = 1048576                                   {product} {ergonomic}
   size_t MinHeapSize                              = 8388608                                   {product} {ergonomic}
    uintx NonNMethodCodeHeapSize                   = 5839372                                {pd product} {ergonomic}
    uintx NonProfiledCodeHeapSize                  = 122909434                              {pd product} {ergonomic}
    uintx ProfiledCodeHeapSize                     = 122909434                              {pd product} {ergonomic}
    uintx ReservedCodeCacheSize                    = 251658240                              {pd product} {ergonomic}
     bool SegmentedCodeCache                       = true                                      {product} {ergonomic}
   size_t SoftMaxHeapSize                          = 4255121408                             {manageable} {ergonomic}
     bool UseCompressedClassPointers               = true                                 {lp64_product} {ergonomic}
     bool UseCompressedOops                        = true                                 {lp64_product} {ergonomic}
     bool UseG1GC                                  = true                                      {product} {ergonomic}
     bool UseLargePagesIndividualAllocation        = false                                  {pd product} {ergonomic}

Logging:
Log output configuration:
 #0: stdout all=warning uptime,level,tags
 #1: stderr all=off uptime,level,tags

Environment Variables:
PATH=D:\VMware Workstation\bin\;C:\oraclexe\app\oracle\product\11.2.0\server\bin;C:\Windows\system32;C:\Windows;C:\Windows\System32\Wbem;C:\Windows\System32\WindowsPowerShell\v1.0\;C:\Windows\System32\OpenSSH\;C:\Program Files\Git\cmd;C:\Program Files (x86)\NVIDIA Corporation\PhysX\Common;C:\Program Files\NVIDIA Corporation\NVIDIA NvDLISR;C:\Program Files\nodejs\;C:\Program Files\Python\Scripts\;C:\Program Files\Python\;C:\Program Files\Java\jdk-14.0.2\bin;C:\Program Files\Microsoft VS Code\bin;C:\Program Files\MySQL\MySQL Shell 8.0\bin\;C:\Users\Netsos\AppData\Local\Microsoft\WindowsApps;C:\Users\Netsos\AppData\Roaming\npm;
USERNAME=Netsos
OS=Windows_NT
PROCESSOR_IDENTIFIER=Intel64 Family 6 Model 158 Stepping 10, GenuineIntel



---------------  S Y S T E M  ---------------

OS: Windows 10 , 64 bit Build 19041 (10.0.19041.928)
OS uptime: 2 days 1:58 hours

CPU:total 12 (initial active 12) (6 cores per cpu, 2 threads per core) family 6 model 158 stepping 10, cmov, cx8, fxsr, mmx, sse, sse2, sse3, ssse3, sse4.1, sse4.2, popcnt, avx, avx2, aes, clmul, erms, 3dnowpref, lzcnt, ht, tsc, tscinvbit, bmi1, bmi2, adx, fma

Memory: 4k page, system-wide physical 16226M (7522M free)
TotalPageFile size 18658M (AvailPageFile size 4030M)
current process WorkingSet (physical memory assigned to process): 184M, peak: 187M
current process commit charge ("private bytes"): 448M, peak: 457M

vm_info: Java HotSpot(TM) 64-Bit Server VM (14.0.2+12-46) for windows-amd64 JRE (14.0.2+12-46), built on Jul  9 2020 00:35:52 by "mach5one" with MS VC++ 15.9 (VS2017)

END.
